[ 2017-06-12T07:38:11+08:00 ] 127.0.0.1 /servers/index.php/Admin
INFO: [ app_init ] --START--
INFO: Run Behavior\BuildLiteBehavior [ RunTime:0.000000s ]
INFO: [ app_init ] --END-- [ RunTime:0.026002s ]
INFO: [ app_begin ] --START--
INFO: Run Behavior\ReadHtmlCacheBehavior [ RunTime:0.002000s ]
INFO: [ app_begin ] --END-- [ RunTime:0.004000s ]

[ 2017-06-12T07:38:11+08:00 ] 127.0.0.1 /servers/index.php/Admin/Public/login
INFO: [ app_init ] --START--
INFO: Run Behavior\BuildLiteBehavior [ RunTime:0.001000s ]
INFO: [ app_init ] --END-- [ RunTime:0.006000s ]
INFO: [ app_begin ] --START--
INFO: Run Behavior\ReadHtmlCacheBehavior [ RunTime:0.002000s ]
INFO: [ app_begin ] --END-- [ RunTime:0.005000s ]
INFO: [ view_parse ] --START--
INFO: [ template_filter ] --START--
INFO: Run Behavior\ContentReplaceBehavior [ RunTime:0.002000s ]
INFO: [ template_filter ] --END-- [ RunTime:0.004000s ]
NOTIC: [8] Undefined index: admin_username D:\phpStudy\WWW\02S\bochong\servers\Application\Runtime\Cache\Admin\3c5566b2bfbf6ef00ac5366ba47246fe.php 第 55 行.
INFO: Run Behavior\ParseTemplateBehavior [ RunTime:0.097006s ]
INFO: [ view_parse ] --END-- [ RunTime:0.100006s ]
INFO: [ view_filter ] --START--
INFO: Run Behavior\WriteHtmlCacheBehavior [ RunTime:0.003000s ]
INFO: [ view_filter ] --END-- [ RunTime:0.005000s ]
INFO: [ app_end ] --START--
INFO: Run Behavior\ShowPageTraceBehavior [ RunTime:0.003000s ]
INFO: [ app_end ] --END-- [ RunTime:0.006000s ]

[ 2017-06-12T16:44:50+08:00 ] 127.0.0.1 /servers/index.php/admin
INFO: [ app_init ] --START--
INFO: Run Behavior\BuildLiteBehavior [ RunTime:0.000000s ]
INFO: [ app_init ] --END-- [ RunTime:0.002000s ]
INFO: [ app_begin ] --START--
INFO: Run Behavior\ReadHtmlCacheBehavior [ RunTime:0.001000s ]
INFO: [ app_begin ] --END-- [ RunTime:0.002000s ]

[ 2017-06-12T16:44:50+08:00 ] 127.0.0.1 /servers/index.php/Admin/Public/login
INFO: [ app_init ] --START--
INFO: Run Behavior\BuildLiteBehavior [ RunTime:0.000000s ]
INFO: [ app_init ] --END-- [ RunTime:0.002000s ]
INFO: [ app_begin ] --START--
INFO: Run Behavior\ReadHtmlCacheBehavior [ RunTime:0.001000s ]
INFO: [ app_begin ] --END-- [ RunTime:0.002000s ]
INFO: [ view_parse ] --START--
INFO: [ template_filter ] --START--
INFO: Run Behavior\ContentReplaceBehavior [ RunTime:0.001000s ]
INFO: [ template_filter ] --END-- [ RunTime:0.002001s ]
NOTIC: [8] Undefined index: admin_username D:\phpStudy\WWW\02S\bochong\servers\Application\Runtime\Cache\Admin\3c5566b2bfbf6ef00ac5366ba47246fe.php 第 55 行.
INFO: Run Behavior\ParseTemplateBehavior [ RunTime:0.052003s ]
INFO: [ view_parse ] --END-- [ RunTime:0.054003s ]
INFO: [ view_filter ] --START--
INFO: Run Behavior\WriteHtmlCacheBehavior [ RunTime:0.001000s ]
INFO: [ view_filter ] --END-- [ RunTime:0.002000s ]
INFO: [ app_end ] --START--
INFO: Run Behavior\ShowPageTraceBehavior [ RunTime:0.001000s ]
INFO: [ app_end ] --END-- [ RunTime:0.002000s ]

[ 2017-06-12T16:44:55+08:00 ] 127.0.0.1 /servers/index.php/Admin/public/dologin
INFO: [ app_init ] --START--
INFO: Run Behavior\BuildLiteBehavior [ RunTime:0.000000s ]
INFO: [ app_init ] --END-- [ RunTime:0.001001s ]
INFO: [ app_begin ] --START--
INFO: Run Behavior\ReadHtmlCacheBehavior [ RunTime:0.001001s ]
INFO: [ app_begin ] --END-- [ RunTime:0.002001s ]
SQL: SHOW COLUMNS FROM `sp_users` [ RunTime:0.0030s ]
SQL: SELECT * FROM `sp_users` WHERE `user_login` = 'admin' LIMIT 1   [ RunTime:0.0000s ]
NOTIC: [8] Undefined index: org_id D:\phpStudy\WWW\02S\bochong\servers\Application\Admin\Controller\PublicController.class.php 第 76 行.
NOTIC: [8] Undefined index: org_id D:\phpStudy\WWW\02S\bochong\servers\Application\Admin\Controller\PublicController.class.php 第 77 行.
NOTIC: [8] Undefined index: org_id D:\phpStudy\WWW\02S\bochong\servers\Application\Admin\Controller\PublicController.class.php 第 79 行.
SQL: UPDATE `sp_users` SET `school_id`='0',`user_login`='admin',`user_pass`='21232f297a57a5a743894a0e4a801fc3',`user_nicename`='超级管理员',`user_email`='admin@163.com',`last_login_ip`='127.0.0.1',`last_login_time`='2017-06-12 16:44:55',`create_time`='2014-07-18 08:53:31',`user_activation_key`='',`user_status`='1',`role_id`='-1' WHERE `id` = 1 [ RunTime:0.0530s ]
INFO: [ view_parse ] --START--
INFO: [ template_filter ] --START--
INFO: Run Behavior\ContentReplaceBehavior [ RunTime:0.002000s ]
INFO: [ template_filter ] --END-- [ RunTime:0.004000s ]
INFO: Run Behavior\ParseTemplateBehavior [ RunTime:0.040003s ]
INFO: [ view_parse ] --END-- [ RunTime:0.042003s ]
INFO: [ view_filter ] --START--
INFO: Run Behavior\WriteHtmlCacheBehavior [ RunTime:0.001000s ]
INFO: [ view_filter ] --END-- [ RunTime:0.003000s ]
INFO: [ app_end ] --START--
INFO: Run Behavior\ShowPageTraceBehavior [ RunTime:0.003000s ]
INFO: [ app_end ] --END-- [ RunTime:0.005000s ]

[ 2017-06-12T16:44:57+08:00 ] 127.0.0.1 /servers/index.php/Admin/Index/index
INFO: [ app_init ] --START--
INFO: Run Behavior\BuildLiteBehavior [ RunTime:0.001000s ]
INFO: [ app_init ] --END-- [ RunTime:0.006000s ]
INFO: [ app_begin ] --START--
INFO: Run Behavior\ReadHtmlCacheBehavior [ RunTime:0.001000s ]
INFO: [ app_begin ] --END-- [ RunTime:0.003000s ]
SQL: SHOW COLUMNS FROM `sp_users` [ RunTime:0.0050s ]
SQL: SELECT * FROM `sp_users` WHERE `id` = 1 LIMIT 1   [ RunTime:0.0020s ]
SQL: SHOW COLUMNS FROM `sp_menu` [ RunTime:0.0440s ]
SQL: SELECT * FROM `sp_menu` WHERE `parentid` = 0 AND `status` = 1 ORDER BY `listorder` DESC  [ RunTime:0.0170s ]
SQL: SELECT * FROM `sp_menu` WHERE `parentid` = 239 AND `status` = 1 ORDER BY `listorder` DESC  [ RunTime:0.0010s ]
SQL: SELECT * FROM `sp_menu` WHERE `parentid` = 252 AND `status` = 1 ORDER BY `listorder` DESC  [ RunTime:0.0000s ]
SQL: SELECT * FROM `sp_menu` WHERE `parentid` = 253 AND `status` = 1 ORDER BY `listorder` DESC  [ RunTime:0.0010s ]
NOTIC: [8] Undefined variable: ret D:\phpStudy\WWW\02S\bochong\servers\Application\Admin\Model\MenuModel.class.php 第 176 行.
SQL: SELECT * FROM `sp_menu` WHERE `parentid` = 254 AND `status` = 1 ORDER BY `listorder` DESC  [ RunTime:0.0010s ]
NOTIC: [8] Undefined variable: ret D:\phpStudy\WWW\02S\bochong\servers\Application\Admin\Model\MenuModel.class.php 第 176 行.
SQL: SELECT * FROM `sp_menu` WHERE `parentid` = 286 AND `status` = 1 ORDER BY `listorder` DESC  [ RunTime:0.0000s ]
SQL: SELECT * FROM `sp_menu` WHERE `parentid` = 290 AND `status` = 1 ORDER BY `listorder` DESC  [ RunTime:0.0000s ]
SQL: SELECT * FROM `sp_menu` WHERE `parentid` = 291 AND `status` = 1 ORDER BY `listorder` DESC  [ RunTime:0.0010s ]
SQL: SELECT * FROM `sp_menu` WHERE `parentid` = 463 AND `status` = 1 ORDER BY `listorder` DESC  [ RunTime:0.0010s ]
NOTIC: [8] Undefined variable: ret D:\phpStudy\WWW\02S\bochong\servers\Application\Admin\Model\MenuModel.class.php 第 176 行.
SQL: SELECT * FROM `sp_menu` WHERE `parentid` = 462 AND `status` = 1 ORDER BY `listorder` DESC  [ RunTime:0.0000s ]
NOTIC: [8] Undefined variable: ret D:\phpStudy\WWW\02S\bochong\servers\Application\Admin\Model\MenuModel.class.php 第 176 行.
SQL: SELECT * FROM `sp_menu` WHERE `parentid` = 292 AND `status` = 1 ORDER BY `listorder` DESC  [ RunTime:0.0000s ]
NOTIC: [8] Undefined variable: ret D:\phpStudy\WWW\02S\bochong\servers\Application\Admin\Model\MenuModel.class.php 第 176 行.
SQL: SELECT * FROM `sp_menu` WHERE `parentid` = 293 AND `status` = 1 ORDER BY `listorder` DESC  [ RunTime:0.0010s ]
SQL: SELECT * FROM `sp_menu` WHERE `parentid` = 297 AND `status` = 1 ORDER BY `listorder` DESC  [ RunTime:0.0010s ]
NOTIC: [8] Undefined variable: ret D:\phpStudy\WWW\02S\bochong\servers\Application\Admin\Model\MenuModel.class.php 第 176 行.
INFO: [ view_parse ] --START--
INFO: [ template_filter ] --START--
INFO: Run Behavior\ContentReplaceBehavior [ RunTime:0.001000s ]
INFO: [ template_filter ] --END-- [ RunTime:0.002000s ]
INFO: Run Behavior\ParseTemplateBehavior [ RunTime:0.083005s ]
INFO: [ view_parse ] --END-- [ RunTime:0.084005s ]
INFO: [ view_filter ] --START--
INFO: Run Behavior\WriteHtmlCacheBehavior [ RunTime:0.001000s ]
INFO: [ view_filter ] --END-- [ RunTime:0.002000s ]
INFO: [ app_end ] --START--
INFO: Run Behavior\ShowPageTraceBehavior [ RunTime:0.001000s ]
INFO: [ app_end ] --END-- [ RunTime:0.003001s ]

[ 2017-06-12T16:44:57+08:00 ] 127.0.0.1 /servers/index.php/Admin/Index/info
INFO: [ app_init ] --START--
INFO: Run Behavior\BuildLiteBehavior [ RunTime:0.001000s ]
INFO: [ app_init ] --END-- [ RunTime:0.005000s ]
INFO: [ app_begin ] --START--
INFO: Run Behavior\ReadHtmlCacheBehavior [ RunTime:0.002000s ]
INFO: [ app_begin ] --END-- [ RunTime:0.004000s ]
SQL: SHOW COLUMNS FROM `sp_users` [ RunTime:0.0040s ]
SQL: SELECT * FROM `sp_users` WHERE `id` = 1 LIMIT 1   [ RunTime:0.0000s ]
INFO: [ app_end ] --START--
INFO: Run Behavior\ShowPageTraceBehavior [ RunTime:0.002000s ]
INFO: [ app_end ] --END-- [ RunTime:0.003000s ]

[ 2017-06-12T16:49:28+08:00 ] 127.0.0.1 /servers/index.php/admin
INFO: [ app_init ] --START--
INFO: Run Behavior\BuildLiteBehavior [ RunTime:0.000000s ]
INFO: [ app_init ] --END-- [ RunTime:0.004000s ]
INFO: [ app_begin ] --START--
INFO: Run Behavior\ReadHtmlCacheBehavior [ RunTime:0.001000s ]
INFO: [ app_begin ] --END-- [ RunTime:0.002000s ]
SQL: SHOW COLUMNS FROM `sp_users` [ RunTime:0.0030s ]
SQL: SELECT * FROM `sp_users` WHERE `id` = 1 LIMIT 1   [ RunTime:0.0010s ]
SQL: SHOW COLUMNS FROM `sp_menu` [ RunTime:0.0030s ]
SQL: SELECT * FROM `sp_menu` WHERE `parentid` = 0 AND `status` = 1 ORDER BY `listorder` DESC  [ RunTime:0.0010s ]
SQL: SELECT * FROM `sp_menu` WHERE `parentid` = 239 AND `status` = 1 ORDER BY `listorder` DESC  [ RunTime:0.0000s ]
SQL: SELECT * FROM `sp_menu` WHERE `parentid` = 252 AND `status` = 1 ORDER BY `listorder` DESC  [ RunTime:0.0010s ]
SQL: SELECT * FROM `sp_menu` WHERE `parentid` = 253 AND `status` = 1 ORDER BY `listorder` DESC  [ RunTime:0.0000s ]
NOTIC: [8] Undefined variable: ret D:\phpStudy\WWW\02S\bochong\servers\Application\Admin\Model\MenuModel.class.php 第 176 行.
SQL: SELECT * FROM `sp_menu` WHERE `parentid` = 254 AND `status` = 1 ORDER BY `listorder` DESC  [ RunTime:0.0000s ]
NOTIC: [8] Undefined variable: ret D:\phpStudy\WWW\02S\bochong\servers\Application\Admin\Model\MenuModel.class.php 第 176 行.
SQL: SELECT * FROM `sp_menu` WHERE `parentid` = 286 AND `status` = 1 ORDER BY `listorder` DESC  [ RunTime:0.0010s ]
SQL: SELECT * FROM `sp_menu` WHERE `parentid` = 290 AND `status` = 1 ORDER BY `listorder` DESC  [ RunTime:0.0010s ]
SQL: SELECT * FROM `sp_menu` WHERE `parentid` = 291 AND `status` = 1 ORDER BY `listorder` DESC  [ RunTime:0.0010s ]
SQL: SELECT * FROM `sp_menu` WHERE `parentid` = 463 AND `status` = 1 ORDER BY `listorder` DESC  [ RunTime:0.0000s ]
NOTIC: [8] Undefined variable: ret D:\phpStudy\WWW\02S\bochong\servers\Application\Admin\Model\MenuModel.class.php 第 176 行.
SQL: SELECT * FROM `sp_menu` WHERE `parentid` = 462 AND `status` = 1 ORDER BY `listorder` DESC  [ RunTime:0.0010s ]
NOTIC: [8] Undefined variable: ret D:\phpStudy\WWW\02S\bochong\servers\Application\Admin\Model\MenuModel.class.php 第 176 行.
SQL: SELECT * FROM `sp_menu` WHERE `parentid` = 292 AND `status` = 1 ORDER BY `listorder` DESC  [ RunTime:0.0010s ]
NOTIC: [8] Undefined variable: ret D:\phpStudy\WWW\02S\bochong\servers\Application\Admin\Model\MenuModel.class.php 第 176 行.
SQL: SELECT * FROM `sp_menu` WHERE `parentid` = 293 AND `status` = 1 ORDER BY `listorder` DESC  [ RunTime:0.0010s ]
SQL: SELECT * FROM `sp_menu` WHERE `parentid` = 297 AND `status` = 1 ORDER BY `listorder` DESC  [ RunTime:0.0010s ]
NOTIC: [8] Undefined variable: ret D:\phpStudy\WWW\02S\bochong\servers\Application\Admin\Model\MenuModel.class.php 第 176 行.
INFO: [ view_parse ] --START--
INFO: [ template_filter ] --START--
INFO: Run Behavior\ContentReplaceBehavior [ RunTime:0.001000s ]
INFO: [ template_filter ] --END-- [ RunTime:0.002000s ]
INFO: Run Behavior\ParseTemplateBehavior [ RunTime:0.084005s ]
INFO: [ view_parse ] --END-- [ RunTime:0.085005s ]
INFO: [ view_filter ] --START--
INFO: Run Behavior\WriteHtmlCacheBehavior [ RunTime:0.002000s ]
INFO: [ view_filter ] --END-- [ RunTime:0.002000s ]
INFO: [ app_end ] --START--
INFO: Run Behavior\ShowPageTraceBehavior [ RunTime:0.002000s ]
INFO: [ app_end ] --END-- [ RunTime:0.004000s ]

[ 2017-06-12T16:49:28+08:00 ] 127.0.0.1 /servers/index.php/Admin/Index/info
INFO: [ app_init ] --START--
INFO: Run Behavior\BuildLiteBehavior [ RunTime:0.000000s ]
INFO: [ app_init ] --END-- [ RunTime:0.002000s ]
INFO: [ app_begin ] --START--
INFO: Run Behavior\ReadHtmlCacheBehavior [ RunTime:0.001000s ]
INFO: [ app_begin ] --END-- [ RunTime:0.003000s ]
SQL: SHOW COLUMNS FROM `sp_users` [ RunTime:0.0100s ]
SQL: SELECT * FROM `sp_users` WHERE `id` = 1 LIMIT 1   [ RunTime:0.0000s ]
INFO: [ app_end ] --START--
INFO: Run Behavior\ShowPageTraceBehavior [ RunTime:0.002000s ]
INFO: [ app_end ] --END-- [ RunTime:0.003000s ]

[ 2017-06-12T16:49:38+08:00 ] 127.0.0.1 /servers/index.php/Admin/Menu/index/menuid/297
INFO: [ app_init ] --START--
INFO: Run Behavior\BuildLiteBehavior [ RunTime:0.000000s ]
INFO: [ app_init ] --END-- [ RunTime:0.002000s ]
INFO: [ app_begin ] --START--
INFO: Run Behavior\ReadHtmlCacheBehavior [ RunTime:0.002000s ]
INFO: [ app_begin ] --END-- [ RunTime:0.004000s ]
SQL: SHOW COLUMNS FROM `sp_users` [ RunTime:0.0040s ]
SQL: SELECT * FROM `sp_users` WHERE `id` = 1 LIMIT 1   [ RunTime:0.0000s ]
SQL: SHOW COLUMNS FROM `sp_menu` [ RunTime:0.0030s ]
SQL: SELECT * FROM `sp_menu` ORDER BY `listorder` DESC  [ RunTime:0.0160s ]
INFO: [ view_parse ] --START--
INFO: [ template_filter ] --START--
INFO: Run Behavior\ContentReplaceBehavior [ RunTime:0.000000s ]
INFO: [ template_filter ] --END-- [ RunTime:0.002000s ]
INFO: Run Behavior\ParseTemplateBehavior [ RunTime:0.068004s ]
INFO: [ view_parse ] --END-- [ RunTime:0.069004s ]
INFO: [ view_filter ] --START--
INFO: Run Behavior\WriteHtmlCacheBehavior [ RunTime:0.001000s ]
INFO: [ view_filter ] --END-- [ RunTime:0.003000s ]
INFO: [ app_end ] --START--
INFO: Run Behavior\ShowPageTraceBehavior [ RunTime:0.001000s ]
INFO: [ app_end ] --END-- [ RunTime:0.003000s ]

[ 2017-06-12T16:49:54+08:00 ] 127.0.0.1 /servers/index.php/Admin/Menu/edit/id/239/menuid/297
INFO: [ app_init ] --START--
INFO: Run Behavior\BuildLiteBehavior [ RunTime:0.000000s ]
INFO: [ app_init ] --END-- [ RunTime:0.004000s ]
INFO: [ app_begin ] --START--
INFO: Run Behavior\ReadHtmlCacheBehavior [ RunTime:0.002000s ]
INFO: [ app_begin ] --END-- [ RunTime:0.003000s ]
SQL: SHOW COLUMNS FROM `sp_users` [ RunTime:0.0030s ]
SQL: SELECT * FROM `sp_users` WHERE `id` = 1 LIMIT 1   [ RunTime:0.0010s ]
SQL: SHOW COLUMNS FROM `sp_menu` [ RunTime:0.0030s ]
SQL: SELECT * FROM `sp_menu` WHERE `id` = 239 LIMIT 1   [ RunTime:0.0010s ]
SQL: SELECT * FROM `sp_menu` ORDER BY `listorder` DESC  [ RunTime:0.0010s ]
INFO: [ view_parse ] --START--
INFO: [ template_filter ] --START--
INFO: Run Behavior\ContentReplaceBehavior [ RunTime:0.000000s ]
INFO: [ template_filter ] --END-- [ RunTime:0.002001s ]
INFO: Run Behavior\ParseTemplateBehavior [ RunTime:0.078004s ]
INFO: [ view_parse ] --END-- [ RunTime:0.080004s ]
INFO: [ view_filter ] --START--
INFO: Run Behavior\WriteHtmlCacheBehavior [ RunTime:0.001000s ]
INFO: [ view_filter ] --END-- [ RunTime:0.003000s ]
INFO: [ app_end ] --START--
INFO: Run Behavior\ShowPageTraceBehavior [ RunTime:0.001000s ]
INFO: [ app_end ] --END-- [ RunTime:0.002000s ]

[ 2017-06-12T16:50:11+08:00 ] 127.0.0.1 /servers/index.php/Admin/Menu/index/menuid/297
INFO: [ app_init ] --START--
INFO: Run Behavior\BuildLiteBehavior [ RunTime:0.001000s ]
INFO: [ app_init ] --END-- [ RunTime:0.002000s ]
INFO: [ app_begin ] --START--
INFO: Run Behavior\ReadHtmlCacheBehavior [ RunTime:0.001000s ]
INFO: [ app_begin ] --END-- [ RunTime:0.002000s ]
SQL: SHOW COLUMNS FROM `sp_users` [ RunTime:0.0040s ]
SQL: SELECT * FROM `sp_users` WHERE `id` = 1 LIMIT 1   [ RunTime:0.0000s ]
SQL: SHOW COLUMNS FROM `sp_menu` [ RunTime:0.0030s ]
SQL: SELECT * FROM `sp_menu` ORDER BY `listorder` DESC  [ RunTime:0.0010s ]
INFO: [ view_parse ] --START--
INFO: [ template_filter ] --START--
INFO: Run Behavior\ContentReplaceBehavior [ RunTime:0.000000s ]
INFO: [ template_filter ] --END-- [ RunTime:0.002000s ]
INFO: Run Behavior\ParseTemplateBehavior [ RunTime:0.049003s ]
INFO: [ view_parse ] --END-- [ RunTime:0.050003s ]
INFO: [ view_filter ] --START--
INFO: Run Behavior\WriteHtmlCacheBehavior [ RunTime:0.002000s ]
INFO: [ view_filter ] --END-- [ RunTime:0.004000s ]
INFO: [ app_end ] --START--
INFO: Run Behavior\ShowPageTraceBehavior [ RunTime:0.001000s ]
INFO: [ app_end ] --END-- [ RunTime:0.005001s ]

[ 2017-06-12T16:50:40+08:00 ] 127.0.0.1 /servers/index.php/Admin/User/index/menuid/292
INFO: [ app_init ] --START--
INFO: Run Behavior\BuildLiteBehavior [ RunTime:0.000000s ]
INFO: [ app_init ] --END-- [ RunTime:0.002000s ]
INFO: [ app_begin ] --START--
INFO: Run Behavior\ReadHtmlCacheBehavior [ RunTime:0.001000s ]
INFO: [ app_begin ] --END-- [ RunTime:0.003000s ]
SQL: SHOW COLUMNS FROM `sp_users` [ RunTime:0.0030s ]
SQL: SELECT * FROM `sp_users` WHERE `id` = 1 LIMIT 1   [ RunTime:0.0010s ]
SQL: SHOW COLUMNS FROM `sp_role` [ RunTime:0.0140s ]
SQL: SHOW COLUMNS FROM `sp_users` [ RunTime:0.0050s ]
SQL: SELECT users.* FROM sp_users users WHERE `role_id` <> -1  [ RunTime:0.0020s ]
SQL: SELECT * FROM `sp_role`  [ RunTime:0.0000s ]
INFO: [ view_parse ] --START--
INFO: [ template_filter ] --START--
INFO: Run Behavior\ContentReplaceBehavior [ RunTime:0.001000s ]
INFO: [ template_filter ] --END-- [ RunTime:0.002000s ]
INFO: Run Behavior\ParseTemplateBehavior [ RunTime:0.063004s ]
INFO: [ view_parse ] --END-- [ RunTime:0.065004s ]
INFO: [ view_filter ] --START--
INFO: Run Behavior\WriteHtmlCacheBehavior [ RunTime:0.001000s ]
INFO: [ view_filter ] --END-- [ RunTime:0.003000s ]
INFO: [ app_end ] --START--
INFO: Run Behavior\ShowPageTraceBehavior [ RunTime:0.001000s ]
INFO: [ app_end ] --END-- [ RunTime:0.002000s ]

[ 2017-06-12T16:50:53+08:00 ] 127.0.0.1 /servers/index.php/Admin/Menu/index/menuid/297
INFO: [ app_init ] --START--
INFO: Run Behavior\BuildLiteBehavior [ RunTime:0.000000s ]
INFO: [ app_init ] --END-- [ RunTime:0.001000s ]
INFO: [ app_begin ] --START--
INFO: Run Behavior\ReadHtmlCacheBehavior [ RunTime:0.001000s ]
INFO: [ app_begin ] --END-- [ RunTime:0.003000s ]
SQL: SHOW COLUMNS FROM `sp_users` [ RunTime:0.0030s ]
SQL: SELECT * FROM `sp_users` WHERE `id` = 1 LIMIT 1   [ RunTime:0.0010s ]
SQL: SHOW COLUMNS FROM `sp_menu` [ RunTime:0.0030s ]
SQL: SELECT * FROM `sp_menu` ORDER BY `listorder` DESC  [ RunTime:0.0010s ]
INFO: [ view_parse ] --START--
INFO: [ template_filter ] --START--
INFO: Run Behavior\ContentReplaceBehavior [ RunTime:0.001000s ]
INFO: [ template_filter ] --END-- [ RunTime:0.002000s ]
INFO: Run Behavior\ParseTemplateBehavior [ RunTime:0.052003s ]
INFO: [ view_parse ] --END-- [ RunTime:0.054003s ]
INFO: [ view_filter ] --START--
INFO: Run Behavior\WriteHtmlCacheBehavior [ RunTime:0.001000s ]
INFO: [ view_filter ] --END-- [ RunTime:0.002000s ]
INFO: [ app_end ] --START--
INFO: Run Behavior\ShowPageTraceBehavior [ RunTime:0.001000s ]
INFO: [ app_end ] --END-- [ RunTime:0.003000s ]

[ 2017-06-12T16:51:09+08:00 ] 127.0.0.1 /servers/index.php/Admin/menu/add
INFO: [ app_init ] --START--
INFO: Run Behavior\BuildLiteBehavior [ RunTime:0.000000s ]
INFO: [ app_init ] --END-- [ RunTime:0.002001s ]
INFO: [ app_begin ] --START--
INFO: Run Behavior\ReadHtmlCacheBehavior [ RunTime:0.001000s ]
INFO: [ app_begin ] --END-- [ RunTime:0.003000s ]
SQL: SHOW COLUMNS FROM `sp_users` [ RunTime:0.0040s ]
SQL: SELECT * FROM `sp_users` WHERE `id` = 1 LIMIT 1   [ RunTime:0.0000s ]
SQL: SHOW COLUMNS FROM `sp_menu` [ RunTime:0.0030s ]
SQL: SELECT * FROM `sp_menu` ORDER BY `listorder` DESC  [ RunTime:0.0000s ]
INFO: [ view_parse ] --START--
INFO: [ template_filter ] --START--
INFO: Run Behavior\ContentReplaceBehavior [ RunTime:0.001000s ]
INFO: [ template_filter ] --END-- [ RunTime:0.002000s ]
INFO: Run Behavior\ParseTemplateBehavior [ RunTime:0.049002s ]
INFO: [ view_parse ] --END-- [ RunTime:0.051002s ]
INFO: [ view_filter ] --START--
INFO: Run Behavior\WriteHtmlCacheBehavior [ RunTime:0.001000s ]
INFO: [ view_filter ] --END-- [ RunTime:0.002001s ]
INFO: [ app_end ] --START--
INFO: Run Behavior\ShowPageTraceBehavior [ RunTime:0.002000s ]
INFO: [ app_end ] --END-- [ RunTime:0.004000s ]

[ 2017-06-12T16:51:11+08:00 ] 127.0.0.1 /servers/index.php/Admin/menu/lists
INFO: [ app_init ] --START--
INFO: Run Behavior\BuildLiteBehavior [ RunTime:0.000000s ]
INFO: [ app_init ] --END-- [ RunTime:0.002000s ]
INFO: [ app_begin ] --START--
INFO: Run Behavior\ReadHtmlCacheBehavior [ RunTime:0.001000s ]
INFO: [ app_begin ] --END-- [ RunTime:0.003000s ]
SQL: SHOW COLUMNS FROM `sp_users` [ RunTime:0.0040s ]
SQL: SELECT * FROM `sp_users` WHERE `id` = 1 LIMIT 1   [ RunTime:0.0010s ]
SQL: SHOW COLUMNS FROM `sp_menu` [ RunTime:0.0040s ]
SQL: SELECT * FROM `sp_menu` ORDER BY `app` ASC,`model` ASC,`action` ASC  [ RunTime:0.0000s ]
INFO: [ view_parse ] --START--
INFO: [ template_filter ] --START--
INFO: Run Behavior\ContentReplaceBehavior [ RunTime:0.001000s ]
INFO: [ template_filter ] --END-- [ RunTime:0.002000s ]
INFO: Run Behavior\ParseTemplateBehavior [ RunTime:0.194012s ]
INFO: [ view_parse ] --END-- [ RunTime:0.196012s ]
INFO: [ view_filter ] --START--
INFO: Run Behavior\WriteHtmlCacheBehavior [ RunTime:0.001000s ]
INFO: [ view_filter ] --END-- [ RunTime:0.002000s ]
INFO: [ app_end ] --START--
INFO: Run Behavior\ShowPageTraceBehavior [ RunTime:0.001000s ]
INFO: [ app_end ] --END-- [ RunTime:0.003000s ]

[ 2017-06-12T16:51:16+08:00 ] 127.0.0.1 /servers/index.php/Admin/menu/add
INFO: [ app_init ] --START--
INFO: Run Behavior\BuildLiteBehavior [ RunTime:0.000000s ]
INFO: [ app_init ] --END-- [ RunTime:0.001000s ]
INFO: [ app_begin ] --START--
INFO: Run Behavior\ReadHtmlCacheBehavior [ RunTime:0.001000s ]
INFO: [ app_begin ] --END-- [ RunTime:0.003000s ]
SQL: SHOW COLUMNS FROM `sp_users` [ RunTime:0.0040s ]
SQL: SELECT * FROM `sp_users` WHERE `id` = 1 LIMIT 1   [ RunTime:0.0010s ]
SQL: SHOW COLUMNS FROM `sp_menu` [ RunTime:0.0030s ]
SQL: SELECT * FROM `sp_menu` ORDER BY `listorder` DESC  [ RunTime:0.0020s ]
INFO: [ view_parse ] --START--
INFO: [ template_filter ] --START--
INFO: Run Behavior\ContentReplaceBehavior [ RunTime:0.000000s ]
INFO: [ template_filter ] --END-- [ RunTime:0.002000s ]
INFO: Run Behavior\ParseTemplateBehavior [ RunTime:0.061004s ]
INFO: [ view_parse ] --END-- [ RunTime:0.061004s ]
INFO: [ view_filter ] --START--
INFO: Run Behavior\WriteHtmlCacheBehavior [ RunTime:0.001000s ]
INFO: [ view_filter ] --END-- [ RunTime:0.003000s ]
INFO: [ app_end ] --START--
INFO: Run Behavior\ShowPageTraceBehavior [ RunTime:0.002000s ]
INFO: [ app_end ] --END-- [ RunTime:0.004000s ]

[ 2017-06-12T17:00:45+08:00 ] 127.0.0.1 /servers/index.php/Admin/Menu/index/menuid/297
INFO: [ app_init ] --START--
INFO: Run Behavior\BuildLiteBehavior [ RunTime:0.000000s ]
INFO: [ app_init ] --END-- [ RunTime:0.014001s ]
INFO: [ app_begin ] --START--
INFO: Run Behavior\ReadHtmlCacheBehavior [ RunTime:0.010001s ]
INFO: [ app_begin ] --END-- [ RunTime:0.011001s ]
SQL: SHOW COLUMNS FROM `sp_users` [ RunTime:0.0030s ]
SQL: SELECT * FROM `sp_users` WHERE `id` = 1 LIMIT 1   [ RunTime:0.0040s ]
SQL: SHOW COLUMNS FROM `sp_menu` [ RunTime:0.0030s ]
SQL: SELECT * FROM `sp_menu` ORDER BY `listorder` DESC  [ RunTime:0.0000s ]
INFO: [ view_parse ] --START--
INFO: [ template_filter ] --START--
INFO: Run Behavior\ContentReplaceBehavior [ RunTime:0.001000s ]
INFO: [ template_filter ] --END-- [ RunTime:0.003000s ]
INFO: Run Behavior\ParseTemplateBehavior [ RunTime:0.064004s ]
INFO: [ view_parse ] --END-- [ RunTime:0.066004s ]
INFO: [ view_filter ] --START--
INFO: Run Behavior\WriteHtmlCacheBehavior [ RunTime:0.001000s ]
INFO: [ view_filter ] --END-- [ RunTime:0.003000s ]
INFO: [ app_end ] --START--
INFO: Run Behavior\ShowPageTraceBehavior [ RunTime:0.003000s ]
INFO: [ app_end ] --END-- [ RunTime:0.005000s ]

[ 2017-06-12T17:00:47+08:00 ] 127.0.0.1 /servers/index.php/Admin/menu/add
INFO: [ app_init ] --START--
INFO: Run Behavior\BuildLiteBehavior [ RunTime:0.001000s ]
INFO: [ app_init ] --END-- [ RunTime:0.005000s ]
INFO: [ app_begin ] --START--
INFO: Run Behavior\ReadHtmlCacheBehavior [ RunTime:0.002000s ]
INFO: [ app_begin ] --END-- [ RunTime:0.004000s ]
SQL: SHOW COLUMNS FROM `sp_users` [ RunTime:0.0040s ]
SQL: SELECT * FROM `sp_users` WHERE `id` = 1 LIMIT 1   [ RunTime:0.0000s ]
SQL: SHOW COLUMNS FROM `sp_menu` [ RunTime:0.0030s ]
SQL: SELECT * FROM `sp_menu` ORDER BY `listorder` DESC  [ RunTime:0.0010s ]
INFO: [ view_parse ] --START--
INFO: [ template_filter ] --START--
INFO: Run Behavior\ContentReplaceBehavior [ RunTime:0.000000s ]
INFO: [ template_filter ] --END-- [ RunTime:0.002001s ]
INFO: Run Behavior\ParseTemplateBehavior [ RunTime:0.061004s ]
INFO: [ view_parse ] --END-- [ RunTime:0.062004s ]
INFO: [ view_filter ] --START--
INFO: Run Behavior\WriteHtmlCacheBehavior [ RunTime:0.001000s ]
INFO: [ view_filter ] --END-- [ RunTime:0.002000s ]
INFO: [ app_end ] --START--
INFO: Run Behavior\ShowPageTraceBehavior [ RunTime:0.001000s ]
INFO: [ app_end ] --END-- [ RunTime:0.003000s ]

[ 2017-06-12T17:01:13+08:00 ] 127.0.0.1 /servers/index.php/Admin/Menu/index/menuid/297
INFO: [ app_init ] --START--
INFO: Run Behavior\BuildLiteBehavior [ RunTime:0.000000s ]
INFO: [ app_init ] --END-- [ RunTime:0.002000s ]
INFO: [ app_begin ] --START--
INFO: Run Behavior\ReadHtmlCacheBehavior [ RunTime:0.001000s ]
INFO: [ app_begin ] --END-- [ RunTime:0.003000s ]
SQL: SHOW COLUMNS FROM `sp_users` [ RunTime:0.0050s ]
SQL: SELECT * FROM `sp_users` WHERE `id` = 1 LIMIT 1   [ RunTime:0.0010s ]
SQL: SHOW COLUMNS FROM `sp_menu` [ RunTime:0.0030s ]
SQL: SELECT * FROM `sp_menu` ORDER BY `listorder` DESC  [ RunTime:0.0010s ]
INFO: [ view_parse ] --START--
INFO: [ template_filter ] --START--
INFO: Run Behavior\ContentReplaceBehavior [ RunTime:0.001000s ]
INFO: [ template_filter ] --END-- [ RunTime:0.002000s ]
INFO: Run Behavior\ParseTemplateBehavior [ RunTime:0.047003s ]
INFO: [ view_parse ] --END-- [ RunTime:0.048003s ]
INFO: [ view_filter ] --START--
INFO: Run Behavior\WriteHtmlCacheBehavior [ RunTime:0.001000s ]
INFO: [ view_filter ] --END-- [ RunTime:0.002000s ]
INFO: [ app_end ] --START--
INFO: Run Behavior\ShowPageTraceBehavior [ RunTime:0.001000s ]
INFO: [ app_end ] --END-- [ RunTime:0.002000s ]

[ 2017-06-12T17:03:34+08:00 ] 127.0.0.1 /servers/index.php/Admin/Menu/index/menuid/297
INFO: [ app_init ] --START--
INFO: Run Behavior\BuildLiteBehavior [ RunTime:0.000000s ]
INFO: [ app_init ] --END-- [ RunTime:0.002000s ]
INFO: [ app_begin ] --START--
INFO: Run Behavior\ReadHtmlCacheBehavior [ RunTime:0.002001s ]
INFO: [ app_begin ] --END-- [ RunTime:0.002001s ]
SQL: SHOW COLUMNS FROM `sp_users` [ RunTime:0.0050s ]
SQL: SELECT * FROM `sp_users` WHERE `id` = 1 LIMIT 1   [ RunTime:0.0000s ]
SQL: SHOW COLUMNS FROM `sp_menu` [ RunTime:0.0040s ]
SQL: SELECT * FROM `sp_menu` ORDER BY `listorder` DESC  [ RunTime:0.0010s ]
INFO: [ view_parse ] --START--
INFO: [ template_filter ] --START--
INFO: Run Behavior\ContentReplaceBehavior [ RunTime:0.001000s ]
INFO: [ template_filter ] --END-- [ RunTime:0.002000s ]
INFO: Run Behavior\ParseTemplateBehavior [ RunTime:0.053003s ]
INFO: [ view_parse ] --END-- [ RunTime:0.054003s ]
INFO: [ view_filter ] --START--
INFO: Run Behavior\WriteHtmlCacheBehavior [ RunTime:0.003000s ]
INFO: [ view_filter ] --END-- [ RunTime:0.005001s ]
INFO: [ app_end ] --START--
INFO: Run Behavior\ShowPageTraceBehavior [ RunTime:0.001000s ]
INFO: [ app_end ] --END-- [ RunTime:0.002000s ]

[ 2017-06-12T17:03:35+08:00 ] 127.0.0.1 /servers/index.php/Admin/menu/add
INFO: [ app_init ] --START--
INFO: Run Behavior\BuildLiteBehavior [ RunTime:0.000000s ]
INFO: [ app_init ] --END-- [ RunTime:0.002001s ]
INFO: [ app_begin ] --START--
INFO: Run Behavior\ReadHtmlCacheBehavior [ RunTime:0.001000s ]
INFO: [ app_begin ] --END-- [ RunTime:0.002000s ]
SQL: SHOW COLUMNS FROM `sp_users` [ RunTime:0.0040s ]
SQL: SELECT * FROM `sp_users` WHERE `id` = 1 LIMIT 1   [ RunTime:0.0010s ]
SQL: SHOW COLUMNS FROM `sp_menu` [ RunTime:0.0060s ]
SQL: SELECT * FROM `sp_menu` ORDER BY `listorder` DESC  [ RunTime:0.0010s ]
INFO: [ view_parse ] --START--
INFO: [ template_filter ] --START--
INFO: Run Behavior\ContentReplaceBehavior [ RunTime:0.001000s ]
INFO: [ template_filter ] --END-- [ RunTime:0.002000s ]
INFO: Run Behavior\ParseTemplateBehavior [ RunTime:0.054003s ]
INFO: [ view_parse ] --END-- [ RunTime:0.056003s ]
INFO: [ view_filter ] --START--
INFO: Run Behavior\WriteHtmlCacheBehavior [ RunTime:0.003000s ]
INFO: [ view_filter ] --END-- [ RunTime:0.005001s ]
INFO: [ app_end ] --START--
INFO: Run Behavior\ShowPageTraceBehavior [ RunTime:0.002000s ]
INFO: [ app_end ] --END-- [ RunTime:0.003000s ]

[ 2017-06-12T17:04:13+08:00 ] 127.0.0.1 /servers/index.php/Admin/Menu/index/menuid/297
INFO: [ app_init ] --START--
INFO: Run Behavior\BuildLiteBehavior [ RunTime:0.000000s ]
INFO: [ app_init ] --END-- [ RunTime:0.002000s ]
INFO: [ app_begin ] --START--
INFO: Run Behavior\ReadHtmlCacheBehavior [ RunTime:0.001000s ]
INFO: [ app_begin ] --END-- [ RunTime:0.002000s ]
SQL: SHOW COLUMNS FROM `sp_users` [ RunTime:0.0030s ]
SQL: SELECT * FROM `sp_users` WHERE `id` = 1 LIMIT 1   [ RunTime:0.0010s ]
SQL: SHOW COLUMNS FROM `sp_menu` [ RunTime:0.0030s ]
SQL: SELECT * FROM `sp_menu` ORDER BY `listorder` DESC  [ RunTime:0.0010s ]
INFO: [ view_parse ] --START--
INFO: [ template_filter ] --START--
INFO: Run Behavior\ContentReplaceBehavior [ RunTime:0.001000s ]
INFO: [ template_filter ] --END-- [ RunTime:0.002000s ]
INFO: Run Behavior\ParseTemplateBehavior [ RunTime:0.047003s ]
INFO: [ view_parse ] --END-- [ RunTime:0.048003s ]
INFO: [ view_filter ] --START--
INFO: Run Behavior\WriteHtmlCacheBehavior [ RunTime:0.000000s ]
INFO: [ view_filter ] --END-- [ RunTime:0.002000s ]
INFO: [ app_end ] --START--
INFO: Run Behavior\ShowPageTraceBehavior [ RunTime:0.001000s ]
INFO: [ app_end ] --END-- [ RunTime:0.004000s ]

[ 2017-06-12T17:04:37+08:00 ] 127.0.0.1 /servers/index.php/Admin/Menu/index/menuid/297
INFO: [ app_init ] --START--
INFO: Run Behavior\BuildLiteBehavior [ RunTime:0.001000s ]
INFO: [ app_init ] --END-- [ RunTime:0.001000s ]
INFO: [ app_begin ] --START--
INFO: Run Behavior\ReadHtmlCacheBehavior [ RunTime:0.002000s ]
INFO: [ app_begin ] --END-- [ RunTime:0.002000s ]
SQL: SHOW COLUMNS FROM `sp_users` [ RunTime:0.0030s ]
SQL: SELECT * FROM `sp_users` WHERE `id` = 1 LIMIT 1   [ RunTime:0.0000s ]
SQL: SHOW COLUMNS FROM `sp_menu` [ RunTime:0.0030s ]
SQL: SELECT * FROM `sp_menu` ORDER BY `listorder` DESC  [ RunTime:0.0010s ]
INFO: [ view_parse ] --START--
INFO: [ template_filter ] --START--
INFO: Run Behavior\ContentReplaceBehavior [ RunTime:0.001000s ]
INFO: [ template_filter ] --END-- [ RunTime:0.002000s ]
INFO: Run Behavior\ParseTemplateBehavior [ RunTime:0.051003s ]
INFO: [ view_parse ] --END-- [ RunTime:0.052003s ]
INFO: [ view_filter ] --START--
INFO: Run Behavior\WriteHtmlCacheBehavior [ RunTime:0.001000s ]
INFO: [ view_filter ] --END-- [ RunTime:0.002000s ]
INFO: [ app_end ] --START--
INFO: Run Behavior\ShowPageTraceBehavior [ RunTime:0.001000s ]
INFO: [ app_end ] --END-- [ RunTime:0.003000s ]

[ 2017-06-12T17:04:38+08:00 ] 127.0.0.1 /servers/index.php/Admin/menu/add
INFO: [ app_init ] --START--
INFO: Run Behavior\BuildLiteBehavior [ RunTime:0.000000s ]
INFO: [ app_init ] --END-- [ RunTime:0.001000s ]
INFO: [ app_begin ] --START--
INFO: Run Behavior\ReadHtmlCacheBehavior [ RunTime:0.001000s ]
INFO: [ app_begin ] --END-- [ RunTime:0.003000s ]
SQL: SHOW COLUMNS FROM `sp_users` [ RunTime:0.0030s ]
SQL: SELECT * FROM `sp_users` WHERE `id` = 1 LIMIT 1   [ RunTime:0.0010s ]
SQL: SHOW COLUMNS FROM `sp_menu` [ RunTime:0.0040s ]
SQL: SELECT * FROM `sp_menu` ORDER BY `listorder` DESC  [ RunTime:0.0010s ]
INFO: [ view_parse ] --START--
INFO: [ template_filter ] --START--
INFO: Run Behavior\ContentReplaceBehavior [ RunTime:0.001001s ]
INFO: [ template_filter ] --END-- [ RunTime:0.002001s ]
INFO: Run Behavior\ParseTemplateBehavior [ RunTime:0.064004s ]
INFO: [ view_parse ] --END-- [ RunTime:0.066004s ]
INFO: [ view_filter ] --START--
INFO: Run Behavior\WriteHtmlCacheBehavior [ RunTime:0.003000s ]
INFO: [ view_filter ] --END-- [ RunTime:0.003000s ]
INFO: [ app_end ] --START--
INFO: Run Behavior\ShowPageTraceBehavior [ RunTime:0.001000s ]
INFO: [ app_end ] --END-- [ RunTime:0.003000s ]

[ 2017-06-12T17:04:58+08:00 ] 127.0.0.1 /servers/index.php/Admin/Menu/index/menuid/297
INFO: [ app_init ] --START--
INFO: Run Behavior\BuildLiteBehavior [ RunTime:0.003000s ]
INFO: [ app_init ] --END-- [ RunTime:0.004000s ]
INFO: [ app_begin ] --START--
INFO: Run Behavior\ReadHtmlCacheBehavior [ RunTime:0.001000s ]
INFO: [ app_begin ] --END-- [ RunTime:0.006001s ]
SQL: SHOW COLUMNS FROM `sp_users` [ RunTime:0.0030s ]
SQL: SELECT * FROM `sp_users` WHERE `id` = 1 LIMIT 1   [ RunTime:0.0000s ]
SQL: SHOW COLUMNS FROM `sp_menu` [ RunTime:0.0030s ]
SQL: SELECT * FROM `sp_menu` ORDER BY `listorder` DESC  [ RunTime:0.0010s ]
INFO: [ view_parse ] --START--
INFO: [ template_filter ] --START--
INFO: Run Behavior\ContentReplaceBehavior [ RunTime:0.001001s ]
INFO: [ template_filter ] --END-- [ RunTime:0.002001s ]
INFO: Run Behavior\ParseTemplateBehavior [ RunTime:0.046003s ]
INFO: [ view_parse ] --END-- [ RunTime:0.048003s ]
INFO: [ view_filter ] --START--
INFO: Run Behavior\WriteHtmlCacheBehavior [ RunTime:0.001000s ]
INFO: [ view_filter ] --END-- [ RunTime:0.002000s ]
INFO: [ app_end ] --START--
INFO: Run Behavior\ShowPageTraceBehavior [ RunTime:0.001000s ]
INFO: [ app_end ] --END-- [ RunTime:0.002000s ]

[ 2017-06-12T17:06:06+08:00 ] 127.0.0.1 /servers/index.php/Admin/Menu/index/menuid/297
INFO: [ app_init ] --START--
INFO: Run Behavior\BuildLiteBehavior [ RunTime:0.001000s ]
INFO: [ app_init ] --END-- [ RunTime:0.002000s ]
INFO: [ app_begin ] --START--
INFO: Run Behavior\ReadHtmlCacheBehavior [ RunTime:0.001000s ]
INFO: [ app_begin ] --END-- [ RunTime:0.002000s ]
SQL: SHOW COLUMNS FROM `sp_users` [ RunTime:0.0040s ]
SQL: SELECT * FROM `sp_users` WHERE `id` = 1 LIMIT 1   [ RunTime:0.0010s ]
SQL: SHOW COLUMNS FROM `sp_menu` [ RunTime:0.0030s ]
SQL: SELECT * FROM `sp_menu` ORDER BY `listorder` DESC  [ RunTime:0.0020s ]
INFO: [ view_parse ] --START--
INFO: [ template_filter ] --START--
INFO: Run Behavior\ContentReplaceBehavior [ RunTime:0.001001s ]
INFO: [ template_filter ] --END-- [ RunTime:0.002001s ]
INFO: Run Behavior\ParseTemplateBehavior [ RunTime:0.051003s ]
INFO: [ view_parse ] --END-- [ RunTime:0.052003s ]
INFO: [ view_filter ] --START--
INFO: Run Behavior\WriteHtmlCacheBehavior [ RunTime:0.001000s ]
INFO: [ view_filter ] --END-- [ RunTime:0.003000s ]
INFO: [ app_end ] --START--
INFO: Run Behavior\ShowPageTraceBehavior [ RunTime:0.001000s ]
INFO: [ app_end ] --END-- [ RunTime:0.003000s ]

[ 2017-06-12T17:06:07+08:00 ] 127.0.0.1 /servers/index.php/Admin/menu/add
INFO: [ app_init ] --START--
INFO: Run Behavior\BuildLiteBehavior [ RunTime:0.001000s ]
INFO: [ app_init ] --END-- [ RunTime:0.001000s ]
INFO: [ app_begin ] --START--
INFO: Run Behavior\ReadHtmlCacheBehavior [ RunTime:0.001000s ]
INFO: [ app_begin ] --END-- [ RunTime:0.002001s ]
SQL: SHOW COLUMNS FROM `sp_users` [ RunTime:0.0030s ]
SQL: SELECT * FROM `sp_users` WHERE `id` = 1 LIMIT 1   [ RunTime:0.0000s ]
SQL: SHOW COLUMNS FROM `sp_menu` [ RunTime:0.0030s ]
SQL: SELECT * FROM `sp_menu` ORDER BY `listorder` DESC  [ RunTime:0.0020s ]
INFO: [ view_parse ] --START--
INFO: [ template_filter ] --START--
INFO: Run Behavior\ContentReplaceBehavior [ RunTime:0.002000s ]
INFO: [ template_filter ] --END-- [ RunTime:0.004000s ]
INFO: Run Behavior\ParseTemplateBehavior [ RunTime:0.071004s ]
INFO: [ view_parse ] --END-- [ RunTime:0.071004s ]
INFO: [ view_filter ] --START--
INFO: Run Behavior\WriteHtmlCacheBehavior [ RunTime:0.001000s ]
INFO: [ view_filter ] --END-- [ RunTime:0.002000s ]
INFO: [ app_end ] --START--
INFO: Run Behavior\ShowPageTraceBehavior [ RunTime:0.001000s ]
INFO: [ app_end ] --END-- [ RunTime:0.003000s ]

[ 2017-06-12T17:06:57+08:00 ] 127.0.0.1 /servers/index.php/Admin/Menu/add_post
INFO: [ app_init ] --START--
INFO: Run Behavior\BuildLiteBehavior [ RunTime:0.000000s ]
INFO: [ app_init ] --END-- [ RunTime:0.002000s ]
INFO: [ app_begin ] --START--
INFO: Run Behavior\ReadHtmlCacheBehavior [ RunTime:0.001000s ]
INFO: [ app_begin ] --END-- [ RunTime:0.002000s ]
SQL: SHOW COLUMNS FROM `sp_users` [ RunTime:0.0040s ]
SQL: SELECT * FROM `sp_users` WHERE `id` = 1 LIMIT 1   [ RunTime:0.0000s ]
SQL: SHOW COLUMNS FROM `sp_menu` [ RunTime:0.0030s ]
NOTIC: [8] Undefined index: validate D:\phpStudy\WWW\02S\bochong\servers\ThinkPHP\Library\Think\Model.class.php 第 1185 行.
SQL: SELECT * FROM `sp_menu` WHERE `app` = 'Admin' AND `model` = 'Index' AND `action` = 'default' LIMIT 1   [ RunTime:0.0000s ]
NOTIC: [8] Undefined index: auto D:\phpStudy\WWW\02S\bochong\servers\ThinkPHP\Library\Think\Model.class.php 第 1128 行.
SQL: INSERT INTO `sp_menu` (`parentid`,`name`,`app`,`model`,`action`,`data`,`icon`,`remark`,`status`,`type`) VALUES ('0','用户管理','Admin','Index','default','','','','1','0') [ RunTime:0.0010s ]

[ 2017-06-12T17:06:58+08:00 ] 127.0.0.1 /servers/index.php/Admin/Menu/index
INFO: [ app_init ] --START--
INFO: Run Behavior\BuildLiteBehavior [ RunTime:0.000000s ]
INFO: [ app_init ] --END-- [ RunTime:0.002000s ]
INFO: [ app_begin ] --START--
INFO: Run Behavior\ReadHtmlCacheBehavior [ RunTime:0.001001s ]
INFO: [ app_begin ] --END-- [ RunTime:0.002001s ]
SQL: SHOW COLUMNS FROM `sp_users` [ RunTime:0.0030s ]
SQL: SELECT * FROM `sp_users` WHERE `id` = 1 LIMIT 1   [ RunTime:0.0010s ]
SQL: SHOW COLUMNS FROM `sp_menu` [ RunTime:0.0030s ]
SQL: SELECT * FROM `sp_menu` ORDER BY `listorder` DESC  [ RunTime:0.0010s ]
NOTIC: [8] Undefined index: menuid D:\phpStudy\WWW\02S\bochong\servers\Application\Admin\Controller\MenuController.class.php 第 20 行.
NOTIC: [8] Undefined index: menuid D:\phpStudy\WWW\02S\bochong\servers\Application\Admin\Controller\MenuController.class.php 第 20 行.
NOTIC: [8] Undefined index: menuid D:\phpStudy\WWW\02S\bochong\servers\Application\Admin\Controller\MenuController.class.php 第 20 行.
NOTIC: [8] Undefined index: menuid D:\phpStudy\WWW\02S\bochong\servers\Application\Admin\Controller\MenuController.class.php 第 20 行.
NOTIC: [8] Undefined index: menuid D:\phpStudy\WWW\02S\bochong\servers\Application\Admin\Controller\MenuController.class.php 第 20 行.
NOTIC: [8] Undefined index: menuid D:\phpStudy\WWW\02S\bochong\servers\Application\Admin\Controller\MenuController.class.php 第 20 行.
NOTIC: [8] Undefined index: menuid D:\phpStudy\WWW\02S\bochong\servers\Application\Admin\Controller\MenuController.class.php 第 20 行.
NOTIC: [8] Undefined index: menuid D:\phpStudy\WWW\02S\bochong\servers\Application\Admin\Controller\MenuController.class.php 第 20 行.
NOTIC: [8] Undefined index: menuid D:\phpStudy\WWW\02S\bochong\servers\Application\Admin\Controller\MenuController.class.php 第 20 行.
NOTIC: [8] Undefined index: menuid D:\phpStudy\WWW\02S\bochong\servers\Application\Admin\Controller\MenuController.class.php 第 20 行.
NOTIC: [8] Undefined index: menuid D:\phpStudy\WWW\02S\bochong\servers\Application\Admin\Controller\MenuController.class.php 第 20 行.
NOTIC: [8] Undefined index: menuid D:\phpStudy\WWW\02S\bochong\servers\Application\Admin\Controller\MenuController.class.php 第 20 行.
NOTIC: [8] Undefined index: menuid D:\phpStudy\WWW\02S\bochong\servers\Application\Admin\Controller\MenuController.class.php 第 20 行.
NOTIC: [8] Undefined index: menuid D:\phpStudy\WWW\02S\bochong\servers\Application\Admin\Controller\MenuController.class.php 第 20 行.
NOTIC: [8] Undefined index: menuid D:\phpStudy\WWW\02S\bochong\servers\Application\Admin\Controller\MenuController.class.php 第 20 行.
NOTIC: [8] Undefined index: menuid D:\phpStudy\WWW\02S\bochong\servers\Application\Admin\Controller\MenuController.class.php 第 20 行.
NOTIC: [8] Undefined index: menuid D:\phpStudy\WWW\02S\bochong\servers\Application\Admin\Controller\MenuController.class.php 第 20 行.
NOTIC: [8] Undefined index: menuid D:\phpStudy\WWW\02S\bochong\servers\Application\Admin\Controller\MenuController.class.php 第 20 行.
NOTIC: [8] Undefined index: menuid D:\phpStudy\WWW\02S\bochong\servers\Application\Admin\Controller\MenuController.class.php 第 20 行.
NOTIC: [8] Undefined index: menuid D:\phpStudy\WWW\02S\bochong\servers\Application\Admin\Controller\MenuController.class.php 第 20 行.
NOTIC: [8] Undefined index: menuid D:\phpStudy\WWW\02S\bochong\servers\Application\Admin\Controller\MenuController.class.php 第 20 行.
NOTIC: [8] Undefined index: menuid D:\phpStudy\WWW\02S\bochong\servers\Application\Admin\Controller\MenuController.class.php 第 20 行.
NOTIC: [8] Undefined index: menuid D:\phpStudy\WWW\02S\bochong\servers\Application\Admin\Controller\MenuController.class.php 第 20 行.
NOTIC: [8] Undefined index: menuid D:\phpStudy\WWW\02S\bochong\servers\Application\Admin\Controller\MenuController.class.php 第 20 行.
NOTIC: [8] Undefined index: menuid D:\phpStudy\WWW\02S\bochong\servers\Application\Admin\Controller\MenuController.class.php 第 20 行.
NOTIC: [8] Undefined index: menuid D:\phpStudy\WWW\02S\bochong\servers\Application\Admin\Controller\MenuController.class.php 第 20 行.
NOTIC: [8] Undefined index: menuid D:\phpStudy\WWW\02S\bochong\servers\Application\Admin\Controller\MenuController.class.php 第 20 行.
NOTIC: [8] Undefined index: menuid D:\phpStudy\WWW\02S\bochong\servers\Application\Admin\Controller\MenuController.class.php 第 20 行.
NOTIC: [8] Undefined index: menuid D:\phpStudy\WWW\02S\bochong\servers\Application\Admin\Controller\MenuController.class.php 第 20 行.
NOTIC: [8] Undefined index: menuid D:\phpStudy\WWW\02S\bochong\servers\Application\Admin\Controller\MenuController.class.php 第 20 行.
NOTIC: [8] Undefined index: menuid D:\phpStudy\WWW\02S\bochong\servers\Application\Admin\Controller\MenuController.class.php 第 20 行.
NOTIC: [8] Undefined index: menuid D:\phpStudy\WWW\02S\bochong\servers\Application\Admin\Controller\MenuController.class.php 第 20 行.
NOTIC: [8] Undefined index: menuid D:\phpStudy\WWW\02S\bochong\servers\Application\Admin\Controller\MenuController.class.php 第 20 行.
NOTIC: [8] Undefined index: menuid D:\phpStudy\WWW\02S\bochong\servers\Application\Admin\Controller\MenuController.class.php 第 20 行.
NOTIC: [8] Undefined index: menuid D:\phpStudy\WWW\02S\bochong\servers\Application\Admin\Controller\MenuController.class.php 第 20 行.
NOTIC: [8] Undefined index: menuid D:\phpStudy\WWW\02S\bochong\servers\Application\Admin\Controller\MenuController.class.php 第 20 行.
NOTIC: [8] Undefined index: menuid D:\phpStudy\WWW\02S\bochong\servers\Application\Admin\Controller\MenuController.class.php 第 20 行.
NOTIC: [8] Undefined index: menuid D:\phpStudy\WWW\02S\bochong\servers\Application\Admin\Controller\MenuController.class.php 第 20 行.
NOTIC: [8] Undefined index: menuid D:\phpStudy\WWW\02S\bochong\servers\Application\Admin\Controller\MenuController.class.php 第 20 行.
NOTIC: [8] Undefined index: menuid D:\phpStudy\WWW\02S\bochong\servers\Application\Admin\Controller\MenuController.class.php 第 20 行.
NOTIC: [8] Undefined index: menuid D:\phpStudy\WWW\02S\bochong\servers\Application\Admin\Controller\MenuController.class.php 第 20 行.
NOTIC: [8] Undefined index: menuid D:\phpStudy\WWW\02S\bochong\servers\Application\Admin\Controller\MenuController.class.php 第 20 行.
NOTIC: [8] Undefined index: menuid D:\phpStudy\WWW\02S\bochong\servers\Application\Admin\Controller\MenuController.class.php 第 20 行.
NOTIC: [8] Undefined index: menuid D:\phpStudy\WWW\02S\bochong\servers\Application\Admin\Controller\MenuController.class.php 第 20 行.
NOTIC: [8] Undefined index: menuid D:\phpStudy\WWW\02S\bochong\servers\Application\Admin\Controller\MenuController.class.php 第 20 行.
NOTIC: [8] Undefined index: menuid D:\phpStudy\WWW\02S\bochong\servers\Application\Admin\Controller\MenuController.class.php 第 20 行.
NOTIC: [8] Undefined index: menuid D:\phpStudy\WWW\02S\bochong\servers\Application\Admin\Controller\MenuController.class.php 第 20 行.
NOTIC: [8] Undefined index: menuid D:\phpStudy\WWW\02S\bochong\servers\Application\Admin\Controller\MenuController.class.php 第 20 行.
NOTIC: [8] Undefined index: menuid D:\phpStudy\WWW\02S\bochong\servers\Application\Admin\Controller\MenuController.class.php 第 20 行.
NOTIC: [8] Undefined index: menuid D:\phpStudy\WWW\02S\bochong\servers\Application\Admin\Controller\MenuController.class.php 第 20 行.
NOTIC: [8] Undefined index: menuid D:\phpStudy\WWW\02S\bochong\servers\Application\Admin\Controller\MenuController.class.php 第 20 行.
NOTIC: [8] Undefined index: menuid D:\phpStudy\WWW\02S\bochong\servers\Application\Admin\Controller\MenuController.class.php 第 20 行.
NOTIC: [8] Undefined index: menuid D:\phpStudy\WWW\02S\bochong\servers\Application\Admin\Controller\MenuController.class.php 第 20 行.
NOTIC: [8] Undefined index: menuid D:\phpStudy\WWW\02S\bochong\servers\Application\Admin\Controller\MenuController.class.php 第 20 行.
NOTIC: [8] Undefined index: menuid D:\phpStudy\WWW\02S\bochong\servers\Application\Admin\Controller\MenuController.class.php 第 20 行.
NOTIC: [8] Undefined index: menuid D:\phpStudy\WWW\02S\bochong\servers\Application\Admin\Controller\MenuController.class.php 第 20 行.
NOTIC: [8] Undefined index: menuid D:\phpStudy\WWW\02S\bochong\servers\Application\Admin\Controller\MenuController.class.php 第 20 行.
NOTIC: [8] Undefined index: menuid D:\phpStudy\WWW\02S\bochong\servers\Application\Admin\Controller\MenuController.class.php 第 20 行.
NOTIC: [8] Undefined index: menuid D:\phpStudy\WWW\02S\bochong\servers\Application\Admin\Controller\MenuController.class.php 第 20 行.
NOTIC: [8] Undefined index: menuid D:\phpStudy\WWW\02S\bochong\servers\Application\Admin\Controller\MenuController.class.php 第 20 行.
NOTIC: [8] Undefined index: menuid D:\phpStudy\WWW\02S\bochong\servers\Application\Admin\Controller\MenuController.class.php 第 20 行.
NOTIC: [8] Undefined index: menuid D:\phpStudy\WWW\02S\bochong\servers\Application\Admin\Controller\MenuController.class.php 第 20 行.
NOTIC: [8] Undefined index: menuid D:\phpStudy\WWW\02S\bochong\servers\Application\Admin\Controller\MenuController.class.php 第 20 行.
NOTIC: [8] Undefined index: menuid D:\phpStudy\WWW\02S\bochong\servers\Application\Admin\Controller\MenuController.class.php 第 20 行.
NOTIC: [8] Undefined index: menuid D:\phpStudy\WWW\02S\bochong\servers\Application\Admin\Controller\MenuController.class.php 第 20 行.
NOTIC: [8] Undefined index: menuid D:\phpStudy\WWW\02S\bochong\servers\Application\Admin\Controller\MenuController.class.php 第 20 行.
NOTIC: [8] Undefined index: menuid D:\phpStudy\WWW\02S\bochong\servers\Application\Admin\Controller\MenuController.class.php 第 20 行.
NOTIC: [8] Undefined index: menuid D:\phpStudy\WWW\02S\bochong\servers\Application\Admin\Controller\MenuController.class.php 第 20 行.
NOTIC: [8] Undefined index: menuid D:\phpStudy\WWW\02S\bochong\servers\Application\Admin\Controller\MenuController.class.php 第 20 行.
NOTIC: [8] Undefined index: menuid D:\phpStudy\WWW\02S\bochong\servers\Application\Admin\Controller\MenuController.class.php 第 20 行.
NOTIC: [8] Undefined index: menuid D:\phpStudy\WWW\02S\bochong\servers\Application\Admin\Controller\MenuController.class.php 第 20 行.
NOTIC: [8] Undefined index: menuid D:\phpStudy\WWW\02S\bochong\servers\Application\Admin\Controller\MenuController.class.php 第 20 行.
INFO: [ view_parse ] --START--
INFO: [ template_filter ] --START--
INFO: Run Behavior\ContentReplaceBehavior [ RunTime:0.001000s ]
INFO: [ template_filter ] --END-- [ RunTime:0.001000s ]
INFO: Run Behavior\ParseTemplateBehavior [ RunTime:0.057004s ]
INFO: [ view_parse ] --END-- [ RunTime:0.058004s ]
INFO: [ view_filter ] --START--
INFO: Run Behavior\WriteHtmlCacheBehavior [ RunTime:0.001000s ]
INFO: [ view_filter ] --END-- [ RunTime:0.002000s ]
INFO: [ app_end ] --START--
INFO: Run Behavior\ShowPageTraceBehavior [ RunTime:0.001000s ]
INFO: [ app_end ] --END-- [ RunTime:0.003000s ]

[ 2017-06-12T17:07:13+08:00 ] 127.0.0.1 /servers/index.php/Admin/Menu/index/menuid/297
INFO: [ app_init ] --START--
INFO: Run Behavior\BuildLiteBehavior [ RunTime:0.000000s ]
INFO: [ app_init ] --END-- [ RunTime:0.002001s ]
INFO: [ app_begin ] --START--
INFO: Run Behavior\ReadHtmlCacheBehavior [ RunTime:0.001000s ]
INFO: [ app_begin ] --END-- [ RunTime:0.002000s ]
SQL: SHOW COLUMNS FROM `sp_users` [ RunTime:0.0030s ]
SQL: SELECT * FROM `sp_users` WHERE `id` = 1 LIMIT 1   [ RunTime:0.0010s ]
SQL: SHOW COLUMNS FROM `sp_menu` [ RunTime:0.0040s ]
SQL: SELECT * FROM `sp_menu` ORDER BY `listorder` DESC  [ RunTime:0.0010s ]
INFO: [ view_parse ] --START--
INFO: [ template_filter ] --START--
INFO: Run Behavior\ContentReplaceBehavior [ RunTime:0.001000s ]
INFO: [ template_filter ] --END-- [ RunTime:0.002000s ]
INFO: Run Behavior\ParseTemplateBehavior [ RunTime:0.052003s ]
INFO: [ view_parse ] --END-- [ RunTime:0.054004s ]
INFO: [ view_filter ] --START--
INFO: Run Behavior\WriteHtmlCacheBehavior [ RunTime:0.001000s ]
INFO: [ view_filter ] --END-- [ RunTime:0.002000s ]
INFO: [ app_end ] --START--
INFO: Run Behavior\ShowPageTraceBehavior [ RunTime:0.001000s ]
INFO: [ app_end ] --END-- [ RunTime:0.003000s ]

[ 2017-06-12T17:07:36+08:00 ] 127.0.0.1 /servers/index.php/Admin/Menu/edit/id/549/menuid/297
INFO: [ app_init ] --START--
INFO: Run Behavior\BuildLiteBehavior [ RunTime:0.000000s ]
INFO: [ app_init ] --END-- [ RunTime:0.002000s ]
INFO: [ app_begin ] --START--
INFO: Run Behavior\ReadHtmlCacheBehavior [ RunTime:0.001000s ]
INFO: [ app_begin ] --END-- [ RunTime:0.002000s ]
SQL: SHOW COLUMNS FROM `sp_users` [ RunTime:0.0030s ]
SQL: SELECT * FROM `sp_users` WHERE `id` = 1 LIMIT 1   [ RunTime:0.0010s ]
SQL: SHOW COLUMNS FROM `sp_menu` [ RunTime:0.0050s ]
SQL: SELECT * FROM `sp_menu` WHERE `id` = 549 LIMIT 1   [ RunTime:0.0010s ]
SQL: SELECT * FROM `sp_menu` ORDER BY `listorder` DESC  [ RunTime:0.0000s ]
INFO: [ view_parse ] --START--
INFO: [ template_filter ] --START--
INFO: Run Behavior\ContentReplaceBehavior [ RunTime:0.001000s ]
INFO: [ template_filter ] --END-- [ RunTime:0.002000s ]
INFO: Run Behavior\ParseTemplateBehavior [ RunTime:0.060003s ]
INFO: [ view_parse ] --END-- [ RunTime:0.060003s ]
INFO: [ view_filter ] --START--
INFO: Run Behavior\WriteHtmlCacheBehavior [ RunTime:0.001000s ]
INFO: [ view_filter ] --END-- [ RunTime:0.002000s ]
INFO: [ app_end ] --START--
INFO: Run Behavior\ShowPageTraceBehavior [ RunTime:0.001000s ]
INFO: [ app_end ] --END-- [ RunTime:0.002000s ]

[ 2017-06-12T17:07:45+08:00 ] 127.0.0.1 /servers/index.php/Admin/Menu/edit_post
INFO: [ app_init ] --START--
INFO: Run Behavior\BuildLiteBehavior [ RunTime:0.001000s ]
INFO: [ app_init ] --END-- [ RunTime:0.004000s ]
INFO: [ app_begin ] --START--
INFO: Run Behavior\ReadHtmlCacheBehavior [ RunTime:0.002000s ]
INFO: [ app_begin ] --END-- [ RunTime:0.004000s ]
SQL: SHOW COLUMNS FROM `sp_users` [ RunTime:0.0040s ]
SQL: SELECT * FROM `sp_users` WHERE `id` = 1 LIMIT 1   [ RunTime:0.0010s ]
SQL: SHOW COLUMNS FROM `sp_menu` [ RunTime:0.0040s ]
NOTIC: [8] Undefined index: validate D:\phpStudy\WWW\02S\bochong\servers\ThinkPHP\Library\Think\Model.class.php 第 1185 行.
SQL: SELECT `id` FROM `sp_menu` WHERE `app` = 'Admin' AND `model` = 'Index' AND `action` = 'default' LIMIT 1   [ RunTime:0.0000s ]
NOTIC: [8] Undefined index: auto D:\phpStudy\WWW\02S\bochong\servers\ThinkPHP\Library\Think\Model.class.php 第 1128 行.
SQL: UPDATE `sp_menu` SET `parentid`='0',`name`='前台用户管理',`app`='Admin',`model`='Index',`action`='default',`data`='',`icon`='',`remark`='',`status`='1',`type`='0' WHERE `id` = 549 [ RunTime:0.0020s ]
NOTIC: [2] Missing argument 2 for success(), called in D:\phpStudy\WWW\02S\bochong\servers\Application\Admin\Controller\MenuController.class.php on line 119 and defined D:\phpStudy\WWW\02S\bochong\servers\Application\Common\Common\function.php 第 128 行.
NOTIC: [2] Missing argument 3 for success(), called in D:\phpStudy\WWW\02S\bochong\servers\Application\Admin\Controller\MenuController.class.php on line 119 and defined D:\phpStudy\WWW\02S\bochong\servers\Application\Common\Common\function.php 第 128 行.
NOTIC: [8] Undefined variable: url D:\phpStudy\WWW\02S\bochong\servers\Application\Common\Common\function.php 第 129 行.
NOTIC: [8] Undefined variable: data D:\phpStudy\WWW\02S\bochong\servers\Application\Common\Common\function.php 第 129 行.

[ 2017-06-12T17:07:45+08:00 ] 127.0.0.1 /servers/index.php/Admin/Menu/edit/id/549/menuid/297
INFO: [ app_init ] --START--
INFO: Run Behavior\BuildLiteBehavior [ RunTime:0.000000s ]
INFO: [ app_init ] --END-- [ RunTime:0.002000s ]
INFO: [ app_begin ] --START--
INFO: Run Behavior\ReadHtmlCacheBehavior [ RunTime:0.003000s ]
INFO: [ app_begin ] --END-- [ RunTime:0.006000s ]
SQL: SHOW COLUMNS FROM `sp_users` [ RunTime:0.0030s ]
SQL: SELECT * FROM `sp_users` WHERE `id` = 1 LIMIT 1   [ RunTime:0.0010s ]
SQL: SHOW COLUMNS FROM `sp_menu` [ RunTime:0.0030s ]
SQL: SELECT * FROM `sp_menu` WHERE `id` = 549 LIMIT 1   [ RunTime:0.0010s ]
SQL: SELECT * FROM `sp_menu` ORDER BY `listorder` DESC  [ RunTime:0.0020s ]
INFO: [ view_parse ] --START--
INFO: [ template_filter ] --START--
INFO: Run Behavior\ContentReplaceBehavior [ RunTime:0.001000s ]
INFO: [ template_filter ] --END-- [ RunTime:0.003000s ]
INFO: Run Behavior\ParseTemplateBehavior [ RunTime:0.098005s ]
INFO: [ view_parse ] --END-- [ RunTime:0.099006s ]
INFO: [ view_filter ] --START--
INFO: Run Behavior\WriteHtmlCacheBehavior [ RunTime:0.002000s ]
INFO: [ view_filter ] --END-- [ RunTime:0.004000s ]
INFO: [ app_end ] --START--
INFO: Run Behavior\ShowPageTraceBehavior [ RunTime:0.002000s ]
INFO: [ app_end ] --END-- [ RunTime:0.005000s ]

[ 2017-06-12T17:07:49+08:00 ] 127.0.0.1 /servers/index.php/Admin/Menu/edit_post
INFO: [ app_init ] --START--
INFO: Run Behavior\BuildLiteBehavior [ RunTime:0.000000s ]
INFO: [ app_init ] --END-- [ RunTime:0.003000s ]
INFO: [ app_begin ] --START--
INFO: Run Behavior\ReadHtmlCacheBehavior [ RunTime:0.003001s ]
INFO: [ app_begin ] --END-- [ RunTime:0.004001s ]
SQL: SHOW COLUMNS FROM `sp_users` [ RunTime:0.0070s ]
SQL: SELECT * FROM `sp_users` WHERE `id` = 1 LIMIT 1   [ RunTime:0.0000s ]
SQL: SHOW COLUMNS FROM `sp_menu` [ RunTime:0.0060s ]
NOTIC: [8] Undefined index: validate D:\phpStudy\WWW\02S\bochong\servers\ThinkPHP\Library\Think\Model.class.php 第 1185 行.
SQL: SELECT `id` FROM `sp_menu` WHERE `app` = 'Admin' AND `model` = 'Index' AND `action` = 'default' LIMIT 1   [ RunTime:0.0010s ]
NOTIC: [8] Undefined index: auto D:\phpStudy\WWW\02S\bochong\servers\ThinkPHP\Library\Think\Model.class.php 第 1128 行.
SQL: UPDATE `sp_menu` SET `parentid`='0',`name`='前台用户管理',`app`='Admin',`model`='Index',`action`='default',`data`='',`icon`='',`remark`='',`status`='1',`type`='0' WHERE `id` = 549 [ RunTime:0.0010s ]
NOTIC: [2] Missing argument 2 for success(), called in D:\phpStudy\WWW\02S\bochong\servers\Application\Admin\Controller\MenuController.class.php on line 119 and defined D:\phpStudy\WWW\02S\bochong\servers\Application\Common\Common\function.php 第 128 行.
NOTIC: [2] Missing argument 3 for success(), called in D:\phpStudy\WWW\02S\bochong\servers\Application\Admin\Controller\MenuController.class.php on line 119 and defined D:\phpStudy\WWW\02S\bochong\servers\Application\Common\Common\function.php 第 128 行.
NOTIC: [8] Undefined variable: url D:\phpStudy\WWW\02S\bochong\servers\Application\Common\Common\function.php 第 129 行.
NOTIC: [8] Undefined variable: data D:\phpStudy\WWW\02S\bochong\servers\Application\Common\Common\function.php 第 129 行.

[ 2017-06-12T17:07:49+08:00 ] 127.0.0.1 /servers/index.php/Admin/Menu/edit/id/549/menuid/297
INFO: [ app_init ] --START--
INFO: Run Behavior\BuildLiteBehavior [ RunTime:0.000000s ]
INFO: [ app_init ] --END-- [ RunTime:0.003001s ]
INFO: [ app_begin ] --START--
INFO: Run Behavior\ReadHtmlCacheBehavior [ RunTime:0.002000s ]
INFO: [ app_begin ] --END-- [ RunTime:0.006000s ]
SQL: SHOW COLUMNS FROM `sp_users` [ RunTime:0.0040s ]
SQL: SELECT * FROM `sp_users` WHERE `id` = 1 LIMIT 1   [ RunTime:0.0010s ]
SQL: SHOW COLUMNS FROM `sp_menu` [ RunTime:0.0060s ]
SQL: SELECT * FROM `sp_menu` WHERE `id` = 549 LIMIT 1   [ RunTime:0.0000s ]
SQL: SELECT * FROM `sp_menu` ORDER BY `listorder` DESC  [ RunTime:0.0010s ]
INFO: [ view_parse ] --START--
INFO: [ template_filter ] --START--
INFO: Run Behavior\ContentReplaceBehavior [ RunTime:0.001000s ]
INFO: [ template_filter ] --END-- [ RunTime:0.003000s ]
INFO: Run Behavior\ParseTemplateBehavior [ RunTime:0.091006s ]
INFO: [ view_parse ] --END-- [ RunTime:0.093006s ]
INFO: [ view_filter ] --START--
INFO: Run Behavior\WriteHtmlCacheBehavior [ RunTime:0.001000s ]
INFO: [ view_filter ] --END-- [ RunTime:0.003000s ]
INFO: [ app_end ] --START--
INFO: Run Behavior\ShowPageTraceBehavior [ RunTime:0.001000s ]
INFO: [ app_end ] --END-- [ RunTime:0.004000s ]

[ 2017-06-12T17:07:59+08:00 ] 127.0.0.1 /servers/index.php/admin
INFO: [ app_init ] --START--
INFO: Run Behavior\BuildLiteBehavior [ RunTime:0.000000s ]
INFO: [ app_init ] --END-- [ RunTime:0.002000s ]
INFO: [ app_begin ] --START--
INFO: Run Behavior\ReadHtmlCacheBehavior [ RunTime:0.001000s ]
INFO: [ app_begin ] --END-- [ RunTime:0.002000s ]
SQL: SHOW COLUMNS FROM `sp_users` [ RunTime:0.0030s ]
SQL: SELECT * FROM `sp_users` WHERE `id` = 1 LIMIT 1   [ RunTime:0.0010s ]
SQL: SHOW COLUMNS FROM `sp_menu` [ RunTime:0.0060s ]
SQL: SELECT * FROM `sp_menu` WHERE `parentid` = 0 AND `status` = 1 ORDER BY `listorder` DESC  [ RunTime:0.0010s ]
SQL: SELECT * FROM `sp_menu` WHERE `parentid` = 239 AND `status` = 1 ORDER BY `listorder` DESC  [ RunTime:0.0000s ]
SQL: SELECT * FROM `sp_menu` WHERE `parentid` = 252 AND `status` = 1 ORDER BY `listorder` DESC  [ RunTime:0.0000s ]
SQL: SELECT * FROM `sp_menu` WHERE `parentid` = 253 AND `status` = 1 ORDER BY `listorder` DESC  [ RunTime:0.0010s ]
NOTIC: [8] Undefined variable: ret D:\phpStudy\WWW\02S\bochong\servers\Application\Admin\Model\MenuModel.class.php 第 176 行.
SQL: SELECT * FROM `sp_menu` WHERE `parentid` = 254 AND `status` = 1 ORDER BY `listorder` DESC  [ RunTime:0.0000s ]
NOTIC: [8] Undefined variable: ret D:\phpStudy\WWW\02S\bochong\servers\Application\Admin\Model\MenuModel.class.php 第 176 行.
SQL: SELECT * FROM `sp_menu` WHERE `parentid` = 286 AND `status` = 1 ORDER BY `listorder` DESC  [ RunTime:0.0000s ]
SQL: SELECT * FROM `sp_menu` WHERE `parentid` = 290 AND `status` = 1 ORDER BY `listorder` DESC  [ RunTime:0.0000s ]
SQL: SELECT * FROM `sp_menu` WHERE `parentid` = 291 AND `status` = 1 ORDER BY `listorder` DESC  [ RunTime:0.0010s ]
SQL: SELECT * FROM `sp_menu` WHERE `parentid` = 463 AND `status` = 1 ORDER BY `listorder` DESC  [ RunTime:0.0010s ]
NOTIC: [8] Undefined variable: ret D:\phpStudy\WWW\02S\bochong\servers\Application\Admin\Model\MenuModel.class.php 第 176 行.
SQL: SELECT * FROM `sp_menu` WHERE `parentid` = 462 AND `status` = 1 ORDER BY `listorder` DESC  [ RunTime:0.0000s ]
NOTIC: [8] Undefined variable: ret D:\phpStudy\WWW\02S\bochong\servers\Application\Admin\Model\MenuModel.class.php 第 176 行.
SQL: SELECT * FROM `sp_menu` WHERE `parentid` = 292 AND `status` = 1 ORDER BY `listorder` DESC  [ RunTime:0.0000s ]
NOTIC: [8] Undefined variable: ret D:\phpStudy\WWW\02S\bochong\servers\Application\Admin\Model\MenuModel.class.php 第 176 行.
SQL: SELECT * FROM `sp_menu` WHERE `parentid` = 293 AND `status` = 1 ORDER BY `listorder` DESC  [ RunTime:0.0010s ]
SQL: SELECT * FROM `sp_menu` WHERE `parentid` = 297 AND `status` = 1 ORDER BY `listorder` DESC  [ RunTime:0.0010s ]
NOTIC: [8] Undefined variable: ret D:\phpStudy\WWW\02S\bochong\servers\Application\Admin\Model\MenuModel.class.php 第 176 行.
SQL: SELECT * FROM `sp_menu` WHERE `parentid` = 549 AND `status` = 1 ORDER BY `listorder` DESC  [ RunTime:0.0010s ]
NOTIC: [8] Undefined variable: ret D:\phpStudy\WWW\02S\bochong\servers\Application\Admin\Model\MenuModel.class.php 第 176 行.
INFO: [ view_parse ] --START--
INFO: [ template_filter ] --START--
INFO: Run Behavior\ContentReplaceBehavior [ RunTime:0.001000s ]
INFO: [ template_filter ] --END-- [ RunTime:0.001000s ]
INFO: Run Behavior\ParseTemplateBehavior [ RunTime:0.083004s ]
INFO: [ view_parse ] --END-- [ RunTime:0.085005s ]
INFO: [ view_filter ] --START--
INFO: Run Behavior\WriteHtmlCacheBehavior [ RunTime:0.001000s ]
INFO: [ view_filter ] --END-- [ RunTime:0.003000s ]
INFO: [ app_end ] --START--
INFO: Run Behavior\ShowPageTraceBehavior [ RunTime:0.001000s ]
INFO: [ app_end ] --END-- [ RunTime:0.003000s ]

[ 2017-06-12T17:07:59+08:00 ] 127.0.0.1 /servers/index.php/Admin/Index/info
INFO: [ app_init ] --START--
INFO: Run Behavior\BuildLiteBehavior [ RunTime:0.000000s ]
INFO: [ app_init ] --END-- [ RunTime:0.002000s ]
INFO: [ app_begin ] --START--
INFO: Run Behavior\ReadHtmlCacheBehavior [ RunTime:0.001000s ]
INFO: [ app_begin ] --END-- [ RunTime:0.002000s ]
SQL: SHOW COLUMNS FROM `sp_users` [ RunTime:0.0060s ]
SQL: SELECT * FROM `sp_users` WHERE `id` = 1 LIMIT 1   [ RunTime:0.0010s ]
INFO: [ app_end ] --START--
INFO: Run Behavior\ShowPageTraceBehavior [ RunTime:0.003000s ]
INFO: [ app_end ] --END-- [ RunTime:0.006000s ]

[ 2017-06-12T17:08:01+08:00 ] 127.0.0.1 /servers/index.php/Admin/Index/default/menuid/549
INFO: [ app_init ] --START--
INFO: Run Behavior\BuildLiteBehavior [ RunTime:0.000000s ]
INFO: [ app_init ] --END-- [ RunTime:0.002000s ]
INFO: [ app_begin ] --START--
INFO: Run Behavior\ReadHtmlCacheBehavior [ RunTime:0.001000s ]
INFO: [ app_begin ] --END-- [ RunTime:0.003000s ]
SQL: SHOW COLUMNS FROM `sp_users` [ RunTime:0.0040s ]
SQL: SELECT * FROM `sp_users` WHERE `id` = 1 LIMIT 1   [ RunTime:0.0010s ]
ERR: 非法操作:default

[ 2017-06-12T17:09:02+08:00 ] 127.0.0.1 /servers/index.php/Admin/Menu/index/menuid/297
INFO: [ app_init ] --START--
INFO: Run Behavior\BuildLiteBehavior [ RunTime:0.001000s ]
INFO: [ app_init ] --END-- [ RunTime:0.001000s ]
INFO: [ app_begin ] --START--
INFO: Run Behavior\ReadHtmlCacheBehavior [ RunTime:0.001000s ]
INFO: [ app_begin ] --END-- [ RunTime:0.003000s ]
SQL: SHOW COLUMNS FROM `sp_users` [ RunTime:0.0040s ]
SQL: SELECT * FROM `sp_users` WHERE `id` = 1 LIMIT 1   [ RunTime:0.0010s ]
SQL: SHOW COLUMNS FROM `sp_menu` [ RunTime:0.0040s ]
SQL: SELECT * FROM `sp_menu` ORDER BY `listorder` DESC  [ RunTime:0.0020s ]
INFO: [ view_parse ] --START--
INFO: [ template_filter ] --START--
INFO: Run Behavior\ContentReplaceBehavior [ RunTime:0.001000s ]
INFO: [ template_filter ] --END-- [ RunTime:0.002000s ]
INFO: Run Behavior\ParseTemplateBehavior [ RunTime:0.054003s ]
INFO: [ view_parse ] --END-- [ RunTime:0.054003s ]
INFO: [ view_filter ] --START--
INFO: Run Behavior\WriteHtmlCacheBehavior [ RunTime:0.001000s ]
INFO: [ view_filter ] --END-- [ RunTime:0.002000s ]
INFO: [ app_end ] --START--
INFO: Run Behavior\ShowPageTraceBehavior [ RunTime:0.003000s ]
INFO: [ app_end ] --END-- [ RunTime:0.003000s ]

[ 2017-06-12T17:09:07+08:00 ] 127.0.0.1 /servers/index.php/Admin/Menu/edit/id/286/menuid/297
INFO: [ app_init ] --START--
INFO: Run Behavior\BuildLiteBehavior [ RunTime:0.001000s ]
INFO: [ app_init ] --END-- [ RunTime:0.001000s ]
INFO: [ app_begin ] --START--
INFO: Run Behavior\ReadHtmlCacheBehavior [ RunTime:0.001000s ]
INFO: [ app_begin ] --END-- [ RunTime:0.002000s ]
SQL: SHOW COLUMNS FROM `sp_users` [ RunTime:0.0040s ]
SQL: SELECT * FROM `sp_users` WHERE `id` = 1 LIMIT 1   [ RunTime:0.0000s ]
SQL: SHOW COLUMNS FROM `sp_menu` [ RunTime:0.0030s ]
SQL: SELECT * FROM `sp_menu` WHERE `id` = 286 LIMIT 1   [ RunTime:0.0010s ]
SQL: SELECT * FROM `sp_menu` ORDER BY `listorder` DESC  [ RunTime:0.0010s ]
INFO: [ view_parse ] --START--
INFO: [ template_filter ] --START--
INFO: Run Behavior\ContentReplaceBehavior [ RunTime:0.001000s ]
INFO: [ template_filter ] --END-- [ RunTime:0.002000s ]
INFO: Run Behavior\ParseTemplateBehavior [ RunTime:0.060003s ]
INFO: [ view_parse ] --END-- [ RunTime:0.060003s ]
INFO: [ view_filter ] --START--
INFO: Run Behavior\WriteHtmlCacheBehavior [ RunTime:0.001001s ]
INFO: [ view_filter ] --END-- [ RunTime:0.002001s ]
INFO: [ app_end ] --START--
INFO: Run Behavior\ShowPageTraceBehavior [ RunTime:0.001000s ]
INFO: [ app_end ] --END-- [ RunTime:0.002000s ]

[ 2017-06-12T17:09:29+08:00 ] 127.0.0.1 /servers/index.php/Admin/Menu/index/menuid/297
INFO: [ app_init ] --START--
INFO: Run Behavior\BuildLiteBehavior [ RunTime:0.000000s ]
INFO: [ app_init ] --END-- [ RunTime:0.003000s ]
INFO: [ app_begin ] --START--
INFO: Run Behavior\ReadHtmlCacheBehavior [ RunTime:0.001000s ]
INFO: [ app_begin ] --END-- [ RunTime:0.006000s ]
SQL: SHOW COLUMNS FROM `sp_users` [ RunTime:0.0080s ]
SQL: SELECT * FROM `sp_users` WHERE `id` = 1 LIMIT 1   [ RunTime:0.0010s ]
SQL: SHOW COLUMNS FROM `sp_menu` [ RunTime:0.0050s ]
SQL: SELECT * FROM `sp_menu` ORDER BY `listorder` DESC  [ RunTime:0.0010s ]
INFO: [ view_parse ] --START--
INFO: [ template_filter ] --START--
INFO: Run Behavior\ContentReplaceBehavior [ RunTime:0.001000s ]
INFO: [ template_filter ] --END-- [ RunTime:0.002000s ]
INFO: Run Behavior\ParseTemplateBehavior [ RunTime:0.049002s ]
INFO: [ view_parse ] --END-- [ RunTime:0.051003s ]
INFO: [ view_filter ] --START--
INFO: Run Behavior\WriteHtmlCacheBehavior [ RunTime:0.004000s ]
INFO: [ view_filter ] --END-- [ RunTime:0.005000s ]
INFO: [ app_end ] --START--
INFO: Run Behavior\ShowPageTraceBehavior [ RunTime:0.001000s ]
INFO: [ app_end ] --END-- [ RunTime:0.005000s ]

