[ 2017-06-09T15:01:14+08:00 ] 127.0.0.1 /client/index.php/B2b2c/index/index.html
INFO: [ app_init ] --START--
INFO: Run Behavior\BuildLiteBehavior [ RunTime:0.000000s ]
INFO: [ app_init ] --END-- [ RunTime:0.000000s ]
INFO: [ app_begin ] --START--
INFO: Run Behavior\ReadHtmlCacheBehavior [ RunTime:0.000000s ]
INFO: [ app_begin ] --END-- [ RunTime:0.000000s ]
INFO: [ view_parse ] --START--
INFO: [ template_filter ] --START--
INFO: Run Behavior\ContentReplaceBehavior [ RunTime:0.000000s ]
INFO: [ template_filter ] --END-- [ RunTime:0.000000s ]
NOTIC: [8] Undefined index: active E:\wamp\www\client\Application\Runtime\Cache\B2b2c\52dde266f831b800e7113f69fca68917.php 第 88 行.
NOTIC: [8] Undefined index: active E:\wamp\www\client\Application\Runtime\Cache\B2b2c\52dde266f831b800e7113f69fca68917.php 第 88 行.
NOTIC: [8] Undefined index: active E:\wamp\www\client\Application\Runtime\Cache\B2b2c\52dde266f831b800e7113f69fca68917.php 第 95 行.
NOTIC: [8] Uninitialized string offset: 0 E:\wamp\www\client\Application\Runtime\Cache\B2b2c\52dde266f831b800e7113f69fca68917.php 第 99 行.
NOTIC: [8] Uninitialized string offset: 0 E:\wamp\www\client\Application\Runtime\Cache\B2b2c\52dde266f831b800e7113f69fca68917.php 第 99 行.
NOTIC: [8] Uninitialized string offset: 0 E:\wamp\www\client\Application\Runtime\Cache\B2b2c\52dde266f831b800e7113f69fca68917.php 第 99 行.
NOTIC: [8] Uninitialized string offset: 0 E:\wamp\www\client\Application\Runtime\Cache\B2b2c\52dde266f831b800e7113f69fca68917.php 第 99 行.
NOTIC: [8] Undefined index: active E:\wamp\www\client\Application\Runtime\Cache\B2b2c\52dde266f831b800e7113f69fca68917.php 第 95 行.
INFO: Run Behavior\ParseTemplateBehavior [ RunTime:0.046800s ]
INFO: [ view_parse ] --END-- [ RunTime:0.046800s ]
INFO: [ view_filter ] --START--
INFO: Run Behavior\WriteHtmlCacheBehavior [ RunTime:0.000000s ]
INFO: [ view_filter ] --END-- [ RunTime:0.000000s ]
INFO: [ app_end ] --START--
INFO: Run Behavior\ShowPageTraceBehavior [ RunTime:0.000000s ]
INFO: [ app_end ] --END-- [ RunTime:0.000000s ]

[ 2017-06-09T15:01:24+08:00 ] 127.0.0.1 /client/index.php/B2b2c/index/index.html
INFO: [ app_init ] --START--
INFO: Run Behavior\BuildLiteBehavior [ RunTime:0.000000s ]
INFO: [ app_init ] --END-- [ RunTime:0.000000s ]
INFO: [ app_begin ] --START--
INFO: Run Behavior\ReadHtmlCacheBehavior [ RunTime:0.000000s ]
INFO: [ app_begin ] --END-- [ RunTime:0.000000s ]
INFO: [ view_parse ] --START--
INFO: [ template_filter ] --START--
INFO: Run Behavior\ContentReplaceBehavior [ RunTime:0.000000s ]
INFO: [ template_filter ] --END-- [ RunTime:0.000000s ]
NOTIC: [8] Undefined index: active E:\wamp\www\client\Application\Runtime\Cache\B2b2c\52dde266f831b800e7113f69fca68917.php 第 88 行.
NOTIC: [8] Undefined index: active E:\wamp\www\client\Application\Runtime\Cache\B2b2c\52dde266f831b800e7113f69fca68917.php 第 88 行.
NOTIC: [8] Undefined index: active E:\wamp\www\client\Application\Runtime\Cache\B2b2c\52dde266f831b800e7113f69fca68917.php 第 95 行.
NOTIC: [8] Uninitialized string offset: 0 E:\wamp\www\client\Application\Runtime\Cache\B2b2c\52dde266f831b800e7113f69fca68917.php 第 99 行.
NOTIC: [8] Uninitialized string offset: 0 E:\wamp\www\client\Application\Runtime\Cache\B2b2c\52dde266f831b800e7113f69fca68917.php 第 99 行.
NOTIC: [8] Uninitialized string offset: 0 E:\wamp\www\client\Application\Runtime\Cache\B2b2c\52dde266f831b800e7113f69fca68917.php 第 99 行.
NOTIC: [8] Uninitialized string offset: 0 E:\wamp\www\client\Application\Runtime\Cache\B2b2c\52dde266f831b800e7113f69fca68917.php 第 99 行.
NOTIC: [8] Undefined index: active E:\wamp\www\client\Application\Runtime\Cache\B2b2c\52dde266f831b800e7113f69fca68917.php 第 95 行.
INFO: Run Behavior\ParseTemplateBehavior [ RunTime:0.046800s ]
INFO: [ view_parse ] --END-- [ RunTime:0.046800s ]
INFO: [ view_filter ] --START--
INFO: Run Behavior\WriteHtmlCacheBehavior [ RunTime:0.000000s ]
INFO: [ view_filter ] --END-- [ RunTime:0.000000s ]
INFO: [ app_end ] --START--
INFO: Run Behavior\ShowPageTraceBehavior [ RunTime:0.000000s ]
INFO: [ app_end ] --END-- [ RunTime:0.000000s ]

[ 2017-06-09T15:06:58+08:00 ] 127.0.0.1 /client/index.php/B2b2c/User/home.html
INFO: [ app_init ] --START--
INFO: Run Behavior\BuildLiteBehavior [ RunTime:0.000000s ]
INFO: [ app_init ] --END-- [ RunTime:0.000000s ]
INFO: [ app_begin ] --START--
INFO: Run Behavior\ReadHtmlCacheBehavior [ RunTime:0.000000s ]
INFO: [ app_begin ] --END-- [ RunTime:0.000000s ]

[ 2017-06-09T15:06:58+08:00 ] 127.0.0.1 /client/index.php/B2b2c/Index/login.html
INFO: [ app_init ] --START--
INFO: Run Behavior\BuildLiteBehavior [ RunTime:0.000000s ]
INFO: [ app_init ] --END-- [ RunTime:0.000000s ]
INFO: [ app_begin ] --START--
INFO: Run Behavior\ReadHtmlCacheBehavior [ RunTime:0.000000s ]
INFO: [ app_begin ] --END-- [ RunTime:0.000000s ]
INFO: [ view_parse ] --START--
INFO: [ template_filter ] --START--
INFO: Run Behavior\ContentReplaceBehavior [ RunTime:0.000000s ]
INFO: [ template_filter ] --END-- [ RunTime:0.000000s ]
INFO: Run Behavior\ParseTemplateBehavior [ RunTime:0.015600s ]
INFO: [ view_parse ] --END-- [ RunTime:0.015600s ]
INFO: [ view_filter ] --START--
INFO: Run Behavior\WriteHtmlCacheBehavior [ RunTime:0.000000s ]
INFO: [ view_filter ] --END-- [ RunTime:0.000000s ]
INFO: [ app_end ] --START--
INFO: Run Behavior\ShowPageTraceBehavior [ RunTime:0.000000s ]
INFO: [ app_end ] --END-- [ RunTime:0.000000s ]

[ 2017-06-09T15:07:18+08:00 ] 127.0.0.1 /client/index.php/B2b2c/index/index.html
INFO: [ app_init ] --START--
INFO: Run Behavior\BuildLiteBehavior [ RunTime:0.000000s ]
INFO: [ app_init ] --END-- [ RunTime:0.000000s ]
INFO: [ app_begin ] --START--
INFO: Run Behavior\ReadHtmlCacheBehavior [ RunTime:0.000000s ]
INFO: [ app_begin ] --END-- [ RunTime:0.000000s ]
INFO: [ view_parse ] --START--
INFO: [ template_filter ] --START--
INFO: Run Behavior\ContentReplaceBehavior [ RunTime:0.000000s ]
INFO: [ template_filter ] --END-- [ RunTime:0.000000s ]
NOTIC: [8] Undefined index: active E:\wamp\www\client\Application\Runtime\Cache\B2b2c\52dde266f831b800e7113f69fca68917.php 第 88 行.
NOTIC: [8] Undefined index: active E:\wamp\www\client\Application\Runtime\Cache\B2b2c\52dde266f831b800e7113f69fca68917.php 第 88 行.
NOTIC: [8] Undefined index: active E:\wamp\www\client\Application\Runtime\Cache\B2b2c\52dde266f831b800e7113f69fca68917.php 第 95 行.
NOTIC: [8] Uninitialized string offset: 0 E:\wamp\www\client\Application\Runtime\Cache\B2b2c\52dde266f831b800e7113f69fca68917.php 第 99 行.
NOTIC: [8] Uninitialized string offset: 0 E:\wamp\www\client\Application\Runtime\Cache\B2b2c\52dde266f831b800e7113f69fca68917.php 第 99 行.
NOTIC: [8] Uninitialized string offset: 0 E:\wamp\www\client\Application\Runtime\Cache\B2b2c\52dde266f831b800e7113f69fca68917.php 第 99 行.
NOTIC: [8] Uninitialized string offset: 0 E:\wamp\www\client\Application\Runtime\Cache\B2b2c\52dde266f831b800e7113f69fca68917.php 第 99 行.
NOTIC: [8] Undefined index: active E:\wamp\www\client\Application\Runtime\Cache\B2b2c\52dde266f831b800e7113f69fca68917.php 第 95 行.
INFO: Run Behavior\ParseTemplateBehavior [ RunTime:0.031200s ]
INFO: [ view_parse ] --END-- [ RunTime:0.031200s ]
INFO: [ view_filter ] --START--
INFO: Run Behavior\WriteHtmlCacheBehavior [ RunTime:0.000000s ]
INFO: [ view_filter ] --END-- [ RunTime:0.000000s ]
INFO: [ app_end ] --START--
INFO: Run Behavior\ShowPageTraceBehavior [ RunTime:0.000000s ]
INFO: [ app_end ] --END-- [ RunTime:0.000000s ]

[ 2017-06-09T15:07:23+08:00 ] 127.0.0.1 /client/index.php/B2b2c/Index/goodspointinfo/goods_id/223.html
INFO: [ app_init ] --START--
INFO: Run Behavior\BuildLiteBehavior [ RunTime:0.000000s ]
INFO: [ app_init ] --END-- [ RunTime:0.000000s ]
INFO: [ app_begin ] --START--
INFO: Run Behavior\ReadHtmlCacheBehavior [ RunTime:0.000000s ]
INFO: [ app_begin ] --END-- [ RunTime:0.000000s ]
INFO: [ view_parse ] --START--
INFO: [ template_filter ] --START--
INFO: Run Behavior\ContentReplaceBehavior [ RunTime:0.000000s ]
INFO: [ template_filter ] --END-- [ RunTime:0.000000s ]
INFO: Run Behavior\ParseTemplateBehavior [ RunTime:0.093600s ]
INFO: [ view_parse ] --END-- [ RunTime:0.093600s ]
INFO: [ view_filter ] --START--
INFO: Run Behavior\WriteHtmlCacheBehavior [ RunTime:0.000000s ]
INFO: [ view_filter ] --END-- [ RunTime:0.000000s ]
INFO: [ app_end ] --START--
INFO: Run Behavior\ShowPageTraceBehavior [ RunTime:0.000000s ]
INFO: [ app_end ] --END-- [ RunTime:0.000000s ]

[ 2017-06-09T15:07:27+08:00 ] 127.0.0.1 /client/index.php/B2b2c/Index/product?goods_id=223&product_id=265&rfs=b2b2cf.goods_info_select_product_callback();&
INFO: [ app_init ] --START--
INFO: Run Behavior\BuildLiteBehavior [ RunTime:0.000000s ]
INFO: [ app_init ] --END-- [ RunTime:0.000000s ]
INFO: [ app_begin ] --START--
INFO: Run Behavior\ReadHtmlCacheBehavior [ RunTime:0.000000s ]
INFO: [ app_begin ] --END-- [ RunTime:0.000000s ]
INFO: [ view_parse ] --START--
INFO: [ template_filter ] --START--
INFO: Run Behavior\ContentReplaceBehavior [ RunTime:0.000000s ]
INFO: [ template_filter ] --END-- [ RunTime:0.000000s ]
NOTIC: [8] Undefined variable: product_url E:\wamp\www\client\Application\Runtime\Cache\B2b2c\8dadb629b47719c284e25d1f503c43e8.php 第 98 行.
INFO: Run Behavior\ParseTemplateBehavior [ RunTime:0.015600s ]
INFO: [ view_parse ] --END-- [ RunTime:0.031200s ]
INFO: [ view_filter ] --START--
INFO: Run Behavior\WriteHtmlCacheBehavior [ RunTime:0.000000s ]
INFO: [ view_filter ] --END-- [ RunTime:0.000000s ]
INFO: [ app_end ] --START--
INFO: Run Behavior\ShowPageTraceBehavior [ RunTime:0.000000s ]
INFO: [ app_end ] --END-- [ RunTime:0.015600s ]

[ 2017-06-09T15:08:19+08:00 ] 127.0.0.1 /client/index.php/B2b2c/User/order_confirm_goodsdetail/product_id/265/product_count/1
INFO: [ app_init ] --START--
INFO: Run Behavior\BuildLiteBehavior [ RunTime:0.000000s ]
INFO: [ app_init ] --END-- [ RunTime:0.000000s ]
INFO: [ app_begin ] --START--
INFO: Run Behavior\ReadHtmlCacheBehavior [ RunTime:0.000000s ]
INFO: [ app_begin ] --END-- [ RunTime:0.000000s ]

[ 2017-06-09T15:08:19+08:00 ] 127.0.0.1 /client/index.php/B2b2c/Index/login.html
INFO: [ app_init ] --START--
INFO: Run Behavior\BuildLiteBehavior [ RunTime:0.000000s ]
INFO: [ app_init ] --END-- [ RunTime:0.000000s ]
INFO: [ app_begin ] --START--
INFO: Run Behavior\ReadHtmlCacheBehavior [ RunTime:0.000000s ]
INFO: [ app_begin ] --END-- [ RunTime:0.000000s ]
INFO: [ view_parse ] --START--
INFO: [ template_filter ] --START--
INFO: Run Behavior\ContentReplaceBehavior [ RunTime:0.000000s ]
INFO: [ template_filter ] --END-- [ RunTime:0.000000s ]
INFO: Run Behavior\ParseTemplateBehavior [ RunTime:0.015600s ]
INFO: [ view_parse ] --END-- [ RunTime:0.015600s ]
INFO: [ view_filter ] --START--
INFO: Run Behavior\WriteHtmlCacheBehavior [ RunTime:0.015600s ]
INFO: [ view_filter ] --END-- [ RunTime:0.015600s ]
INFO: [ app_end ] --START--
INFO: Run Behavior\ShowPageTraceBehavior [ RunTime:0.000000s ]
INFO: [ app_end ] --END-- [ RunTime:0.000000s ]

[ 2017-06-09T15:08:23+08:00 ] 127.0.0.1 /client/index.php/B2b2c/Index/product?goods_id=223&product_id=265&rfs=b2b2cf.goods_info_select_product_callback();&
INFO: [ app_init ] --START--
INFO: Run Behavior\BuildLiteBehavior [ RunTime:0.000000s ]
INFO: [ app_init ] --END-- [ RunTime:0.000000s ]
INFO: [ app_begin ] --START--
INFO: Run Behavior\ReadHtmlCacheBehavior [ RunTime:0.000000s ]
INFO: [ app_begin ] --END-- [ RunTime:0.000000s ]
INFO: [ view_parse ] --START--
INFO: [ template_filter ] --START--
INFO: Run Behavior\ContentReplaceBehavior [ RunTime:0.000000s ]
INFO: [ template_filter ] --END-- [ RunTime:0.000000s ]
NOTIC: [8] Undefined variable: product_url E:\wamp\www\client\Application\Runtime\Cache\B2b2c\8dadb629b47719c284e25d1f503c43e8.php 第 98 行.
INFO: Run Behavior\ParseTemplateBehavior [ RunTime:0.031200s ]
INFO: [ view_parse ] --END-- [ RunTime:0.031200s ]
INFO: [ view_filter ] --START--
INFO: Run Behavior\WriteHtmlCacheBehavior [ RunTime:0.000000s ]
INFO: [ view_filter ] --END-- [ RunTime:0.000000s ]
INFO: [ app_end ] --START--
INFO: Run Behavior\ShowPageTraceBehavior [ RunTime:0.000000s ]
INFO: [ app_end ] --END-- [ RunTime:0.000000s ]

[ 2017-06-09T15:08:25+08:00 ] 127.0.0.1 /client/index.php/B2b2c/Index/product?goods_id=223&product_id=265&rfs=b2b2cf.goods_info_select_product_callback()%3B
INFO: [ app_init ] --START--
INFO: Run Behavior\BuildLiteBehavior [ RunTime:0.000000s ]
INFO: [ app_init ] --END-- [ RunTime:0.000000s ]
INFO: [ app_begin ] --START--
INFO: Run Behavior\ReadHtmlCacheBehavior [ RunTime:0.000000s ]
INFO: [ app_begin ] --END-- [ RunTime:0.000000s ]
INFO: [ view_parse ] --START--
INFO: [ template_filter ] --START--
INFO: Run Behavior\ContentReplaceBehavior [ RunTime:0.000000s ]
INFO: [ template_filter ] --END-- [ RunTime:0.000000s ]
NOTIC: [8] Undefined variable: product_url E:\wamp\www\client\Application\Runtime\Cache\B2b2c\8dadb629b47719c284e25d1f503c43e8.php 第 98 行.
INFO: Run Behavior\ParseTemplateBehavior [ RunTime:0.015600s ]
INFO: [ view_parse ] --END-- [ RunTime:0.015600s ]
INFO: [ view_filter ] --START--
INFO: Run Behavior\WriteHtmlCacheBehavior [ RunTime:0.000000s ]
INFO: [ view_filter ] --END-- [ RunTime:0.000000s ]
INFO: [ app_end ] --START--
INFO: Run Behavior\ShowPageTraceBehavior [ RunTime:0.000000s ]
INFO: [ app_end ] --END-- [ RunTime:0.000000s ]

[ 2017-06-09T15:08:41+08:00 ] 127.0.0.1 /client/index.php/B2b2c/User/get_cart_list.html
INFO: [ app_init ] --START--
INFO: Run Behavior\BuildLiteBehavior [ RunTime:0.000000s ]
INFO: [ app_init ] --END-- [ RunTime:0.000000s ]
INFO: [ app_begin ] --START--
INFO: Run Behavior\ReadHtmlCacheBehavior [ RunTime:0.000000s ]
INFO: [ app_begin ] --END-- [ RunTime:0.000000s ]

[ 2017-06-09T15:08:41+08:00 ] 127.0.0.1 /client/index.php/B2b2c/Index/login.html
INFO: [ app_init ] --START--
INFO: Run Behavior\BuildLiteBehavior [ RunTime:0.000000s ]
INFO: [ app_init ] --END-- [ RunTime:0.000000s ]
INFO: [ app_begin ] --START--
INFO: Run Behavior\ReadHtmlCacheBehavior [ RunTime:0.000000s ]
INFO: [ app_begin ] --END-- [ RunTime:0.000000s ]
INFO: [ view_parse ] --START--
INFO: [ template_filter ] --START--
INFO: Run Behavior\ContentReplaceBehavior [ RunTime:0.000000s ]
INFO: [ template_filter ] --END-- [ RunTime:0.000000s ]
INFO: Run Behavior\ParseTemplateBehavior [ RunTime:0.015600s ]
INFO: [ view_parse ] --END-- [ RunTime:0.015600s ]
INFO: [ view_filter ] --START--
INFO: Run Behavior\WriteHtmlCacheBehavior [ RunTime:0.000000s ]
INFO: [ view_filter ] --END-- [ RunTime:0.000000s ]
INFO: [ app_end ] --START--
INFO: Run Behavior\ShowPageTraceBehavior [ RunTime:0.000000s ]
INFO: [ app_end ] --END-- [ RunTime:0.000000s ]

[ 2017-06-09T15:09:10+08:00 ] 127.0.0.1 /client/index.php/B2b2c/Index/index.html
INFO: [ app_init ] --START--
INFO: Run Behavior\BuildLiteBehavior [ RunTime:0.000000s ]
INFO: [ app_init ] --END-- [ RunTime:0.000000s ]
INFO: [ app_begin ] --START--
INFO: Run Behavior\ReadHtmlCacheBehavior [ RunTime:0.000000s ]
INFO: [ app_begin ] --END-- [ RunTime:0.000000s ]
INFO: [ view_parse ] --START--
INFO: [ template_filter ] --START--
INFO: Run Behavior\ContentReplaceBehavior [ RunTime:0.000000s ]
INFO: [ template_filter ] --END-- [ RunTime:0.000000s ]
NOTIC: [8] Undefined index: active E:\wamp\www\client\Application\Runtime\Cache\B2b2c\52dde266f831b800e7113f69fca68917.php 第 88 行.
NOTIC: [8] Undefined index: active E:\wamp\www\client\Application\Runtime\Cache\B2b2c\52dde266f831b800e7113f69fca68917.php 第 88 行.
NOTIC: [8] Undefined index: active E:\wamp\www\client\Application\Runtime\Cache\B2b2c\52dde266f831b800e7113f69fca68917.php 第 95 行.
NOTIC: [8] Uninitialized string offset: 0 E:\wamp\www\client\Application\Runtime\Cache\B2b2c\52dde266f831b800e7113f69fca68917.php 第 99 行.
NOTIC: [8] Uninitialized string offset: 0 E:\wamp\www\client\Application\Runtime\Cache\B2b2c\52dde266f831b800e7113f69fca68917.php 第 99 行.
NOTIC: [8] Uninitialized string offset: 0 E:\wamp\www\client\Application\Runtime\Cache\B2b2c\52dde266f831b800e7113f69fca68917.php 第 99 行.
NOTIC: [8] Uninitialized string offset: 0 E:\wamp\www\client\Application\Runtime\Cache\B2b2c\52dde266f831b800e7113f69fca68917.php 第 99 行.
NOTIC: [8] Undefined index: active E:\wamp\www\client\Application\Runtime\Cache\B2b2c\52dde266f831b800e7113f69fca68917.php 第 95 行.
INFO: Run Behavior\ParseTemplateBehavior [ RunTime:0.031200s ]
INFO: [ view_parse ] --END-- [ RunTime:0.031200s ]
INFO: [ view_filter ] --START--
INFO: Run Behavior\WriteHtmlCacheBehavior [ RunTime:0.000000s ]
INFO: [ view_filter ] --END-- [ RunTime:0.000000s ]
INFO: [ app_end ] --START--
INFO: Run Behavior\ShowPageTraceBehavior [ RunTime:0.000000s ]
INFO: [ app_end ] --END-- [ RunTime:0.000000s ]

[ 2017-06-09T15:18:34+08:00 ] 127.0.0.1 /client/index.php/B2b2c/Index/index.html
INFO: [ app_init ] --START--
INFO: Run Behavior\BuildLiteBehavior [ RunTime:0.000000s ]
INFO: [ app_init ] --END-- [ RunTime:0.000000s ]
INFO: [ app_begin ] --START--
INFO: Run Behavior\ReadHtmlCacheBehavior [ RunTime:0.000000s ]
INFO: [ app_begin ] --END-- [ RunTime:0.000000s ]

[ 2017-06-09T15:18:36+08:00 ] 127.0.0.1 /client/index.php/B2b2c/Index/index.html
INFO: [ app_init ] --START--
INFO: Run Behavior\BuildLiteBehavior [ RunTime:0.000000s ]
INFO: [ app_init ] --END-- [ RunTime:0.000000s ]
INFO: [ app_begin ] --START--
INFO: Run Behavior\ReadHtmlCacheBehavior [ RunTime:0.000000s ]
INFO: [ app_begin ] --END-- [ RunTime:0.000000s ]

[ 2017-06-09T15:18:39+08:00 ] 127.0.0.1 /client/index.php/B2b2c/Index/index.html
INFO: [ app_init ] --START--
INFO: Run Behavior\BuildLiteBehavior [ RunTime:0.000000s ]
INFO: [ app_init ] --END-- [ RunTime:0.000000s ]
INFO: [ app_begin ] --START--
INFO: Run Behavior\ReadHtmlCacheBehavior [ RunTime:0.000000s ]
INFO: [ app_begin ] --END-- [ RunTime:0.000000s ]

[ 2017-06-09T15:19:17+08:00 ] 127.0.0.1 /client/index.php/B2b2c/Index/index.html
INFO: [ app_init ] --START--
INFO: Run Behavior\BuildLiteBehavior [ RunTime:0.000000s ]
INFO: [ app_init ] --END-- [ RunTime:0.000000s ]
INFO: [ app_begin ] --START--
INFO: Run Behavior\ReadHtmlCacheBehavior [ RunTime:0.000000s ]
INFO: [ app_begin ] --END-- [ RunTime:0.000000s ]

[ 2017-06-09T15:21:54+08:00 ] 127.0.0.1 /client/index.php/B2b2c/Index/index.html
INFO: [ app_init ] --START--
INFO: Run Behavior\BuildLiteBehavior [ RunTime:0.000000s ]
INFO: [ app_init ] --END-- [ RunTime:0.000000s ]
INFO: [ app_begin ] --START--
INFO: Run Behavior\ReadHtmlCacheBehavior [ RunTime:0.015601s ]
INFO: [ app_begin ] --END-- [ RunTime:0.015601s ]

[ 2017-06-09T15:21:56+08:00 ] 127.0.0.1 /client/index.php/B2b2c/Index/index.html
INFO: [ app_init ] --START--
INFO: Run Behavior\BuildLiteBehavior [ RunTime:0.000000s ]
INFO: [ app_init ] --END-- [ RunTime:0.000000s ]
INFO: [ app_begin ] --START--
INFO: Run Behavior\ReadHtmlCacheBehavior [ RunTime:0.000000s ]
INFO: [ app_begin ] --END-- [ RunTime:0.000000s ]

[ 2017-06-09T15:22:26+08:00 ] 127.0.0.1 /client/index.php/B2b2c/Index/index.html
INFO: [ app_init ] --START--
INFO: Run Behavior\BuildLiteBehavior [ RunTime:0.000000s ]
INFO: [ app_init ] --END-- [ RunTime:0.000000s ]
INFO: [ app_begin ] --START--
INFO: Run Behavior\ReadHtmlCacheBehavior [ RunTime:0.000000s ]
INFO: [ app_begin ] --END-- [ RunTime:0.000000s ]
NOTIC: [8] Undefined variable: params E:\wamp\www\client\Application\B2b2c\Controller\IndexController.class.php 第 41 行.
NOTIC: [8] Array to string conversion E:\wamp\www\client\Application\B2b2c\Controller\IndexController.class.php 第 44 行.

[ 2017-06-09T15:22:39+08:00 ] 127.0.0.1 /client/index.php/B2b2c/Index/index.html
INFO: [ app_init ] --START--
INFO: Run Behavior\BuildLiteBehavior [ RunTime:0.000000s ]
INFO: [ app_init ] --END-- [ RunTime:0.000000s ]
INFO: [ app_begin ] --START--
INFO: Run Behavior\ReadHtmlCacheBehavior [ RunTime:0.000000s ]
INFO: [ app_begin ] --END-- [ RunTime:0.000000s ]
NOTIC: [8] Undefined variable: params E:\wamp\www\client\Application\B2b2c\Controller\IndexController.class.php 第 41 行.

[ 2017-06-09T15:25:15+08:00 ] 127.0.0.1 /client/index.php/B2b2c/Index/index.html
INFO: [ app_init ] --START--
INFO: Run Behavior\BuildLiteBehavior [ RunTime:0.000000s ]
INFO: [ app_init ] --END-- [ RunTime:0.000000s ]
INFO: [ app_begin ] --START--
INFO: Run Behavior\ReadHtmlCacheBehavior [ RunTime:0.000000s ]
INFO: [ app_begin ] --END-- [ RunTime:0.000000s ]
NOTIC: [8] Undefined variable: params E:\wamp\www\client\Application\B2b2c\Controller\IndexController.class.php 第 41 行.

[ 2017-06-09T15:25:18+08:00 ] 127.0.0.1 /client/index.php/B2b2c/Index/index.html
INFO: [ app_init ] --START--
INFO: Run Behavior\BuildLiteBehavior [ RunTime:0.000000s ]
INFO: [ app_init ] --END-- [ RunTime:0.000000s ]
INFO: [ app_begin ] --START--
INFO: Run Behavior\ReadHtmlCacheBehavior [ RunTime:0.000000s ]
INFO: [ app_begin ] --END-- [ RunTime:0.000000s ]
NOTIC: [8] Undefined variable: params E:\wamp\www\client\Application\B2b2c\Controller\IndexController.class.php 第 41 行.

[ 2017-06-09T15:25:36+08:00 ] 127.0.0.1 /client/index.php/B2b2c/Index/index.html
INFO: [ app_init ] --START--
INFO: Run Behavior\BuildLiteBehavior [ RunTime:0.000000s ]
INFO: [ app_init ] --END-- [ RunTime:0.000000s ]
INFO: [ app_begin ] --START--
INFO: Run Behavior\ReadHtmlCacheBehavior [ RunTime:0.000000s ]
INFO: [ app_begin ] --END-- [ RunTime:0.000000s ]

[ 2017-06-09T15:25:39+08:00 ] 127.0.0.1 /client/index.php/B2b2c/Index/index.html
INFO: [ app_init ] --START--
INFO: Run Behavior\BuildLiteBehavior [ RunTime:0.000000s ]
INFO: [ app_init ] --END-- [ RunTime:0.000000s ]
INFO: [ app_begin ] --START--
INFO: Run Behavior\ReadHtmlCacheBehavior [ RunTime:0.000000s ]
INFO: [ app_begin ] --END-- [ RunTime:0.000000s ]

[ 2017-06-09T15:28:22+08:00 ] 127.0.0.1 /client/index.php/B2b2c/Index/index.html
INFO: [ app_init ] --START--
INFO: Run Behavior\BuildLiteBehavior [ RunTime:0.000000s ]
INFO: [ app_init ] --END-- [ RunTime:0.000000s ]
INFO: [ app_begin ] --START--
INFO: Run Behavior\ReadHtmlCacheBehavior [ RunTime:0.000000s ]
INFO: [ app_begin ] --END-- [ RunTime:0.000000s ]

[ 2017-06-09T15:28:38+08:00 ] 127.0.0.1 /client/index.php/B2b2c/Index/index.html
INFO: [ app_init ] --START--
INFO: Run Behavior\BuildLiteBehavior [ RunTime:0.000000s ]
INFO: [ app_init ] --END-- [ RunTime:0.000000s ]
INFO: [ app_begin ] --START--
INFO: Run Behavior\ReadHtmlCacheBehavior [ RunTime:0.000000s ]
INFO: [ app_begin ] --END-- [ RunTime:0.000000s ]

